mode: atomic
github.com/gnames/gnmatcher/pkg/io/dbase/dbase.go:16.39,18.16 2 0
github.com/gnames/gnmatcher/pkg/io/dbase/dbase.go:18.16,20.3 1 0
github.com/gnames/gnmatcher/pkg/io/dbase/dbase.go:21.2,21.11 1 0
github.com/gnames/gnmatcher/pkg/io/dbase/dbase.go:24.38,28.2 2 0
github.com/gnames/gnmatcher/pkg/io/bloom/bloom.go:20.48,22.2 1 0
github.com/gnames/gnmatcher/pkg/io/bloom/bloom.go:24.32,28.2 3 0
github.com/gnames/gnmatcher/pkg/io/bloom/bloom.go:30.60,35.2 4 0
github.com/gnames/gnmatcher/pkg/io/bloom/bloom.go:37.37,41.16 4 0
github.com/gnames/gnmatcher/pkg/io/bloom/bloom.go:41.16,43.3 1 0
github.com/gnames/gnmatcher/pkg/io/bloom/cache_filters.go:17.61,21.16 4 0
github.com/gnames/gnmatcher/pkg/io/bloom/cache_filters.go:21.16,23.3 1 0
github.com/gnames/gnmatcher/pkg/io/bloom/cache_filters.go:24.2,24.17 1 0
github.com/gnames/gnmatcher/pkg/io/bloom/cache_filters.go:24.17,25.66 1 0
github.com/gnames/gnmatcher/pkg/io/bloom/cache_filters.go:25.66,27.4 1 0
github.com/gnames/gnmatcher/pkg/io/bloom/cache_filters.go:29.2,29.12 1 0
github.com/gnames/gnmatcher/pkg/io/bloom/cache_filters.go:32.76,38.16 5 0
github.com/gnames/gnmatcher/pkg/io/bloom/cache_filters.go:38.16,40.3 1 0
github.com/gnames/gnmatcher/pkg/io/bloom/cache_filters.go:42.2,42.55 1 0
github.com/gnames/gnmatcher/pkg/io/bloom/cache_filters.go:42.55,44.3 1 0
github.com/gnames/gnmatcher/pkg/io/bloom/cache_filters.go:46.2,49.12 2 0
github.com/gnames/gnmatcher/pkg/io/bloom/cache_filters.go:52.57,55.16 3 0
github.com/gnames/gnmatcher/pkg/io/bloom/cache_filters.go:55.16,57.3 1 0
github.com/gnames/gnmatcher/pkg/io/bloom/cache_filters.go:58.2,60.16 3 0
github.com/gnames/gnmatcher/pkg/io/bloom/cache_filters.go:60.16,62.3 1 0
github.com/gnames/gnmatcher/pkg/io/bloom/cache_filters.go:63.2,63.25 1 0
github.com/gnames/gnmatcher/pkg/io/bloom/cache_filters.go:63.25,65.17 2 0
github.com/gnames/gnmatcher/pkg/io/bloom/cache_filters.go:65.17,67.4 1 0
github.com/gnames/gnmatcher/pkg/io/bloom/cache_filters.go:68.3,68.15 1 0
github.com/gnames/gnmatcher/pkg/io/bloom/cache_filters.go:69.24,74.5 1 0
github.com/gnames/gnmatcher/pkg/io/bloom/cache_filters.go:77.2,77.13 1 0
github.com/gnames/gnmatcher/pkg/io/bloom/db_filters.go:13.58,17.16 4 0
github.com/gnames/gnmatcher/pkg/io/bloom/db_filters.go:17.16,19.3 1 0
github.com/gnames/gnmatcher/pkg/io/bloom/db_filters.go:20.2,25.19 3 0
github.com/gnames/gnmatcher/pkg/io/bloom/db_filters.go:31.47,36.16 4 0
github.com/gnames/gnmatcher/pkg/io/bloom/db_filters.go:36.16,38.3 1 0
github.com/gnames/gnmatcher/pkg/io/bloom/db_filters.go:39.2,39.35 1 0
github.com/gnames/gnmatcher/pkg/io/bloom/db_filters.go:42.60,46.39 4 0
github.com/gnames/gnmatcher/pkg/io/bloom/db_filters.go:46.39,48.3 1 0
github.com/gnames/gnmatcher/pkg/io/bloom/db_filters.go:49.2,49.17 1 0
github.com/gnames/gnmatcher/pkg/io/bloom/db_filters.go:56.47,68.16 6 0
github.com/gnames/gnmatcher/pkg/io/bloom/db_filters.go:68.16,70.3 1 0
github.com/gnames/gnmatcher/pkg/io/bloom/db_filters.go:71.2,71.18 1 0
github.com/gnames/gnmatcher/pkg/io/bloom/db_filters.go:71.18,72.42 1 0
github.com/gnames/gnmatcher/pkg/io/bloom/db_filters.go:72.42,74.4 1 0
github.com/gnames/gnmatcher/pkg/io/bloom/db_filters.go:75.3,75.23 1 0
github.com/gnames/gnmatcher/pkg/io/bloom/db_filters.go:77.2,77.28 1 0
github.com/gnames/gnmatcher/pkg/io/bloom/filters.go:38.38,42.23 3 0
github.com/gnames/gnmatcher/pkg/io/bloom/filters.go:42.23,44.3 1 0
github.com/gnames/gnmatcher/pkg/io/bloom/filters.go:46.2,47.16 2 0
github.com/gnames/gnmatcher/pkg/io/bloom/filters.go:47.16,49.3 1 0
github.com/gnames/gnmatcher/pkg/io/bloom/filters.go:51.2,51.23 1 0
github.com/gnames/gnmatcher/pkg/io/bloom/filters.go:51.23,53.3 1 0
github.com/gnames/gnmatcher/pkg/io/bloom/filters.go:55.2,56.16 2 0
github.com/gnames/gnmatcher/pkg/io/bloom/filters.go:56.16,59.3 1 0
github.com/gnames/gnmatcher/pkg/io/bloom/serialization.go:12.54,20.31 4 0
github.com/gnames/gnmatcher/pkg/io/bloom/serialization.go:20.31,25.17 4 0
github.com/gnames/gnmatcher/pkg/io/bloom/serialization.go:25.17,27.4 1 0
github.com/gnames/gnmatcher/pkg/io/bloom/serialization.go:28.3,28.21 1 0
github.com/gnames/gnmatcher/pkg/io/bloom/serialization.go:28.21,30.18 2 0
github.com/gnames/gnmatcher/pkg/io/bloom/serialization.go:30.18,32.5 1 0
github.com/gnames/gnmatcher/pkg/io/bloom/serialization.go:33.4,33.12 1 0
github.com/gnames/gnmatcher/pkg/io/bloom/serialization.go:36.3,37.17 2 0
github.com/gnames/gnmatcher/pkg/io/bloom/serialization.go:37.17,39.4 1 0
github.com/gnames/gnmatcher/pkg/io/bloom/serialization.go:42.2,42.16 1 0
github.com/gnames/gnmatcher/pkg/io/bloom/serialization.go:42.16,44.3 1 0
github.com/gnames/gnmatcher/pkg/io/bloom/serialization.go:47.52,49.16 2 0
github.com/gnames/gnmatcher/pkg/io/bloom/serialization.go:49.16,51.3 1 0
github.com/gnames/gnmatcher/pkg/io/bloom/serialization.go:52.2,52.18 1 0
github.com/gnames/gnmatcher/pkg/io/bloom/serialization.go:59.9,63.16 4 0
github.com/gnames/gnmatcher/pkg/io/bloom/serialization.go:63.16,65.3 1 0
github.com/gnames/gnmatcher/pkg/io/bloom/serialization.go:66.2,67.16 2 0
github.com/gnames/gnmatcher/pkg/io/bloom/serialization.go:67.16,69.3 1 0
github.com/gnames/gnmatcher/pkg/io/bloom/serialization.go:70.2,70.12 1 0
github.com/gnames/gnmatcher/pkg/io/bloom/serialization.go:73.64,77.50 3 0
github.com/gnames/gnmatcher/pkg/io/bloom/serialization.go:77.50,79.3 1 0
github.com/gnames/gnmatcher/pkg/io/bloom/serialization.go:80.2,80.12 1 0
github.com/gnames/gnmatcher/main.go:31.13,34.2 2 0
github.com/gnames/gnmatcher/cmd/rest.go:47.44,49.12 2 0
github.com/gnames/gnmatcher/cmd/rest.go:49.12,52.4 2 0
github.com/gnames/gnmatcher/cmd/rest.go:53.3,54.17 2 0
github.com/gnames/gnmatcher/cmd/rest.go:54.17,56.4 1 0
github.com/gnames/gnmatcher/cmd/rest.go:57.3,65.17 7 0
github.com/gnames/gnmatcher/cmd/rest.go:65.17,67.4 1 0
github.com/gnames/gnmatcher/cmd/rest.go:69.3,73.13 4 0
github.com/gnames/gnmatcher/cmd/rest.go:77.13,82.2 3 0
github.com/gnames/gnmatcher/cmd/root.go:50.44,51.27 1 0
github.com/gnames/gnmatcher/cmd/root.go:51.27,53.4 1 0
github.com/gnames/gnmatcher/cmd/root.go:60.16,62.42 2 0
github.com/gnames/gnmatcher/cmd/root.go:62.42,64.3 1 0
github.com/gnames/gnmatcher/cmd/root.go:67.13,73.2 2 0
github.com/gnames/gnmatcher/cmd/root.go:76.19,83.16 5 0
github.com/gnames/gnmatcher/cmd/root.go:83.16,85.3 1 0
github.com/gnames/gnmatcher/cmd/root.go:86.2,113.45 19 0
github.com/gnames/gnmatcher/cmd/root.go:113.45,115.3 1 0
github.com/gnames/gnmatcher/cmd/root.go:116.2,116.11 1 0
github.com/gnames/gnmatcher/cmd/root.go:121.32,124.16 3 0
github.com/gnames/gnmatcher/cmd/root.go:124.16,126.3 1 0
github.com/gnames/gnmatcher/cmd/root.go:128.2,128.24 1 0
github.com/gnames/gnmatcher/cmd/root.go:128.24,130.3 1 0
github.com/gnames/gnmatcher/cmd/root.go:131.2,131.21 1 0
github.com/gnames/gnmatcher/cmd/root.go:131.21,133.3 1 0
github.com/gnames/gnmatcher/cmd/root.go:134.2,134.26 1 0
github.com/gnames/gnmatcher/cmd/root.go:134.26,136.3 1 0
github.com/gnames/gnmatcher/cmd/root.go:137.2,137.20 1 0
github.com/gnames/gnmatcher/cmd/root.go:137.20,139.3 1 0
github.com/gnames/gnmatcher/cmd/root.go:140.2,140.22 1 0
github.com/gnames/gnmatcher/cmd/root.go:140.22,142.3 1 0
github.com/gnames/gnmatcher/cmd/root.go:143.2,143.22 1 0
github.com/gnames/gnmatcher/cmd/root.go:143.22,145.3 1 0
github.com/gnames/gnmatcher/cmd/root.go:146.2,146.21 1 0
github.com/gnames/gnmatcher/cmd/root.go:146.21,148.3 1 0
github.com/gnames/gnmatcher/cmd/root.go:149.2,149.22 1 0
github.com/gnames/gnmatcher/cmd/root.go:149.22,151.3 1 0
github.com/gnames/gnmatcher/cmd/root.go:152.2,152.34 1 0
github.com/gnames/gnmatcher/cmd/root.go:152.34,154.3 1 0
github.com/gnames/gnmatcher/cmd/root.go:155.2,155.31 1 0
github.com/gnames/gnmatcher/cmd/root.go:155.31,157.3 1 0
github.com/gnames/gnmatcher/cmd/root.go:158.2,158.30 1 0
github.com/gnames/gnmatcher/cmd/root.go:158.30,160.3 1 0
github.com/gnames/gnmatcher/cmd/root.go:161.2,161.21 1 0
github.com/gnames/gnmatcher/cmd/root.go:161.21,163.3 1 0
github.com/gnames/gnmatcher/cmd/root.go:164.2,164.13 1 0
github.com/gnames/gnmatcher/cmd/root.go:169.47,171.16 2 0
github.com/gnames/gnmatcher/cmd/root.go:171.16,173.3 1 0
github.com/gnames/gnmatcher/cmd/root.go:175.2,175.20 1 0
github.com/gnames/gnmatcher/cmd/root.go:175.20,177.3 1 0
github.com/gnames/gnmatcher/cmd/root.go:178.2,178.23 1 0
github.com/gnames/gnmatcher/cmd/root.go:182.41,183.63 1 0
github.com/gnames/gnmatcher/cmd/root.go:183.63,185.3 1 0
github.com/gnames/gnmatcher/cmd/root.go:187.2,188.26 2 0
github.com/gnames/gnmatcher/cmd/root.go:192.32,194.16 2 0
github.com/gnames/gnmatcher/cmd/root.go:194.16,196.3 1 0
github.com/gnames/gnmatcher/cmd/root.go:198.2,199.16 2 0
github.com/gnames/gnmatcher/cmd/root.go:199.16,201.3 1 0
github.com/gnames/gnmatcher/scripts/profiling.go:26.13,33.2 6 0
github.com/gnames/gnmatcher/scripts/profiling.go:35.63,39.15 4 0
github.com/gnames/gnmatcher/scripts/profiling.go:39.15,41.3 1 0
github.com/gnames/gnmatcher/scripts/profiling.go:42.2,44.29 3 0
github.com/gnames/gnmatcher/scripts/profiling.go:44.29,49.17 5 0
github.com/gnames/gnmatcher/scripts/profiling.go:49.17,51.4 1 0
github.com/gnames/gnmatcher/scripts/profiling.go:52.3,53.17 2 0
github.com/gnames/gnmatcher/scripts/profiling.go:53.17,55.4 1 0
github.com/gnames/gnmatcher/scripts/profiling.go:56.3,57.17 2 0
github.com/gnames/gnmatcher/scripts/profiling.go:57.17,59.4 1 0
github.com/gnames/gnmatcher/scripts/profiling.go:60.3,65.40 5 0
github.com/gnames/gnmatcher/scripts/profiling.go:65.40,68.32 3 0
github.com/gnames/gnmatcher/scripts/profiling.go:68.32,70.19 2 0
github.com/gnames/gnmatcher/scripts/profiling.go:70.19,72.6 1 0
github.com/gnames/gnmatcher/scripts/profiling.go:74.4,74.37 1 0
github.com/gnames/gnmatcher/scripts/profiling.go:74.37,81.19 5 0
github.com/gnames/gnmatcher/scripts/profiling.go:81.19,83.6 1 0
github.com/gnames/gnmatcher/scripts/profiling.go:87.3,87.24 1 0
github.com/gnames/gnmatcher/scripts/profiling.go:87.24,94.4 3 0
github.com/gnames/gnmatcher/scripts/profiling.go:98.46,102.16 4 0
github.com/gnames/gnmatcher/scripts/profiling.go:102.16,104.3 1 0
github.com/gnames/gnmatcher/scripts/profiling.go:105.2,110.16 4 0
github.com/gnames/gnmatcher/scripts/profiling.go:110.16,112.3 1 0
github.com/gnames/gnmatcher/scripts/profiling.go:113.2,113.6 1 0
github.com/gnames/gnmatcher/scripts/profiling.go:113.6,115.20 2 0
github.com/gnames/gnmatcher/scripts/profiling.go:115.20,116.9 1 0
github.com/gnames/gnmatcher/scripts/profiling.go:118.3,118.17 1 0
github.com/gnames/gnmatcher/scripts/profiling.go:118.17,120.4 1 0
github.com/gnames/gnmatcher/scripts/profiling.go:121.3,122.27 2 0
github.com/gnames/gnmatcher/scripts/profiling.go:122.27,125.4 2 0
github.com/gnames/gnmatcher/scripts/profiling.go:127.2,128.16 2 0
github.com/gnames/gnmatcher/pkg/io/trie/stemskv.go:16.43,19.16 3 0
github.com/gnames/gnmatcher/pkg/io/trie/stemskv.go:19.16,21.3 1 0
github.com/gnames/gnmatcher/pkg/io/trie/stemskv.go:23.2,23.24 1 0
github.com/gnames/gnmatcher/pkg/io/trie/stemskv.go:23.24,26.3 2 0
github.com/gnames/gnmatcher/pkg/io/trie/stemskv.go:27.2,42.16 5 0
github.com/gnames/gnmatcher/pkg/io/trie/stemskv.go:42.16,44.3 1 0
github.com/gnames/gnmatcher/pkg/io/trie/stemskv.go:45.2,52.18 8 0
github.com/gnames/gnmatcher/pkg/io/trie/stemskv.go:52.18,53.60 1 0
github.com/gnames/gnmatcher/pkg/io/trie/stemskv.go:53.60,55.4 1 0
github.com/gnames/gnmatcher/pkg/io/trie/stemskv.go:56.3,56.24 1 0
github.com/gnames/gnmatcher/pkg/io/trie/stemskv.go:56.24,58.4 1 0
github.com/gnames/gnmatcher/pkg/io/trie/stemskv.go:59.3,59.22 1 0
github.com/gnames/gnmatcher/pkg/io/trie/stemskv.go:59.22,63.4 3 0
github.com/gnames/gnmatcher/pkg/io/trie/stemskv.go:65.3,65.26 1 0
github.com/gnames/gnmatcher/pkg/io/trie/stemskv.go:65.26,75.22 4 0
github.com/gnames/gnmatcher/pkg/io/trie/stemskv.go:75.22,77.19 2 0
github.com/gnames/gnmatcher/pkg/io/trie/stemskv.go:77.19,79.6 1 0
github.com/gnames/gnmatcher/pkg/io/trie/stemskv.go:80.5,81.36 2 0
github.com/gnames/gnmatcher/pkg/io/trie/stemskv.go:83.4,87.34 5 0
github.com/gnames/gnmatcher/pkg/io/trie/stemskv.go:90.3,90.22 1 0
github.com/gnames/gnmatcher/pkg/io/trie/stemskv.go:90.22,100.4 4 0
github.com/gnames/gnmatcher/pkg/io/trie/stemskv.go:101.3,101.27 1 0
github.com/gnames/gnmatcher/pkg/io/trie/stemskv.go:104.2,112.16 4 0
github.com/gnames/gnmatcher/pkg/io/trie/stemskv.go:112.16,114.3 1 0
github.com/gnames/gnmatcher/pkg/io/trie/stemskv.go:120.3,125.43 5 0
github.com/gnames/gnmatcher/pkg/io/trie/stemskv.go:125.43,127.3 1 0
github.com/gnames/gnmatcher/pkg/io/trie/stemskv.go:128.2,129.43 2 0
github.com/gnames/gnmatcher/pkg/io/trie/stemskv.go:129.43,131.3 1 0
github.com/gnames/gnmatcher/pkg/io/trie/stemskv.go:135.44,140.16 4 0
github.com/gnames/gnmatcher/pkg/io/trie/stemskv.go:140.16,142.3 1 0
github.com/gnames/gnmatcher/pkg/io/trie/stemskv.go:143.2,143.12 1 0
github.com/gnames/gnmatcher/pkg/io/trie/stemskv.go:149.49,151.45 2 0
github.com/gnames/gnmatcher/pkg/io/trie/stemskv.go:151.45,153.35 2 0
github.com/gnames/gnmatcher/pkg/io/trie/stemskv.go:153.35,155.4 1 0
github.com/gnames/gnmatcher/pkg/io/trie/stemskv.go:155.9,155.24 1 0
github.com/gnames/gnmatcher/pkg/io/trie/stemskv.go:155.24,157.4 1 0
github.com/gnames/gnmatcher/pkg/io/trie/stemskv.go:159.3,159.44 1 0
github.com/gnames/gnmatcher/pkg/io/trie/stemskv.go:159.44,162.4 2 0
github.com/gnames/gnmatcher/pkg/io/trie/stemskv.go:164.2,164.16 1 0
github.com/gnames/gnmatcher/pkg/io/trie/stemskv.go:164.16,166.3 1 0
github.com/gnames/gnmatcher/pkg/io/trie/stemskv.go:167.2,167.12 1 0
github.com/gnames/gnmatcher/pkg/io/trie/stemskv.go:171.37,174.2 2 0
github.com/gnames/gnmatcher/pkg/io/trie/trie.go:34.48,37.2 2 0
github.com/gnames/gnmatcher/pkg/io/trie/trie.go:39.32,46.2 6 0
github.com/gnames/gnmatcher/pkg/io/trie/trie.go:48.57,50.2 1 0
github.com/gnames/gnmatcher/pkg/io/trie/trie.go:52.58,55.2 2 0
github.com/gnames/gnmatcher/pkg/io/trie/trie.go:57.72,61.16 4 0
github.com/gnames/gnmatcher/pkg/io/trie/trie.go:61.16,64.3 1 0
github.com/gnames/gnmatcher/pkg/io/trie/trie.go:65.2,65.12 1 0
github.com/gnames/gnmatcher/pkg/io/trie/trie.go:71.64,74.16 3 0
github.com/gnames/gnmatcher/pkg/io/trie/trie.go:74.16,77.3 2 0
github.com/gnames/gnmatcher/pkg/io/trie/trie.go:79.2,80.16 2 0
github.com/gnames/gnmatcher/pkg/io/trie/trie.go:80.16,82.3 1 0
github.com/gnames/gnmatcher/pkg/io/trie/trie.go:83.2,83.13 1 0
github.com/gnames/gnmatcher/pkg/io/trie/trie.go:86.43,90.39 4 0
github.com/gnames/gnmatcher/pkg/io/trie/trie.go:90.39,92.3 1 0
github.com/gnames/gnmatcher/pkg/io/trie/trie.go:93.2,93.17 1 0
github.com/gnames/gnmatcher/pkg/io/trie/trie.go:96.67,100.16 4 0
github.com/gnames/gnmatcher/pkg/io/trie/trie.go:100.16,102.3 1 0
github.com/gnames/gnmatcher/pkg/io/trie/trie.go:103.2,103.42 1 0
github.com/gnames/gnmatcher/pkg/io/trie/trie.go:106.85,110.16 4 0
github.com/gnames/gnmatcher/pkg/io/trie/trie.go:110.16,112.3 1 0
github.com/gnames/gnmatcher/pkg/io/trie/trie.go:113.2,118.16 5 0
github.com/gnames/gnmatcher/pkg/io/trie/trie.go:118.16,120.3 1 0
github.com/gnames/gnmatcher/pkg/io/trie/trie.go:122.2,122.18 1 0
github.com/gnames/gnmatcher/pkg/io/trie/trie.go:122.18,123.41 1 0
github.com/gnames/gnmatcher/pkg/io/trie/trie.go:123.41,125.4 1 0
github.com/gnames/gnmatcher/pkg/io/trie/trie.go:126.3,126.30 1 0
github.com/gnames/gnmatcher/pkg/io/trie/trie.go:128.2,131.16 4 0
github.com/gnames/gnmatcher/pkg/io/trie/trie.go:131.16,133.3 1 0
github.com/gnames/gnmatcher/pkg/io/trie/trie.go:134.2,135.16 2 0
github.com/gnames/gnmatcher/pkg/io/trie/trie.go:135.16,137.3 1 0
github.com/gnames/gnmatcher/pkg/io/trie/trie.go:138.2,139.18 2 0
github.com/gnames/gnmatcher/pkg/io/trie/trie.go:142.38,145.27 3 0
github.com/gnames/gnmatcher/pkg/io/trie/trie.go:145.27,147.17 2 0
github.com/gnames/gnmatcher/pkg/io/trie/trie.go:147.17,149.4 1 0
github.com/gnames/gnmatcher/pkg/io/virusio/suffixarray.go:15.33,20.21 4 0
github.com/gnames/gnmatcher/pkg/io/virusio/suffixarray.go:20.21,22.3 1 0
github.com/gnames/gnmatcher/pkg/io/virusio/suffixarray.go:24.2,25.16 2 0
github.com/gnames/gnmatcher/pkg/io/virusio/suffixarray.go:25.16,28.3 2 0
github.com/gnames/gnmatcher/pkg/io/virusio/suffixarray.go:30.2,30.21 1 0
github.com/gnames/gnmatcher/pkg/io/virusio/suffixarray.go:30.21,32.3 1 0
github.com/gnames/gnmatcher/pkg/io/virusio/suffixarray.go:34.2,36.16 3 0
github.com/gnames/gnmatcher/pkg/io/virusio/suffixarray.go:36.16,39.3 1 0
github.com/gnames/gnmatcher/pkg/io/virusio/suffixarray.go:40.2,42.16 3 0
github.com/gnames/gnmatcher/pkg/io/virusio/suffixarray.go:42.16,45.3 1 0
github.com/gnames/gnmatcher/pkg/io/virusio/suffixarray.go:46.2,46.47 1 0
github.com/gnames/gnmatcher/pkg/io/virusio/suffixarray.go:49.45,53.16 4 0
github.com/gnames/gnmatcher/pkg/io/virusio/suffixarray.go:53.16,55.3 1 0
github.com/gnames/gnmatcher/pkg/io/virusio/suffixarray.go:57.2,58.16 2 0
github.com/gnames/gnmatcher/pkg/io/virusio/suffixarray.go:58.16,60.3 1 0
github.com/gnames/gnmatcher/pkg/io/virusio/suffixarray.go:62.2,63.12 2 0
github.com/gnames/gnmatcher/pkg/io/virusio/suffixarray.go:66.61,72.22 5 0
github.com/gnames/gnmatcher/pkg/io/virusio/suffixarray.go:72.22,73.37 1 0
github.com/gnames/gnmatcher/pkg/io/virusio/suffixarray.go:73.37,74.12 1 0
github.com/gnames/gnmatcher/pkg/io/virusio/suffixarray.go:76.3,80.21 5 0
github.com/gnames/gnmatcher/pkg/io/virusio/suffixarray.go:82.2,84.14 3 0
github.com/gnames/gnmatcher/pkg/io/virusio/suffixarray.go:87.69,99.16 6 0
github.com/gnames/gnmatcher/pkg/io/virusio/suffixarray.go:99.16,101.3 1 0
github.com/gnames/gnmatcher/pkg/io/virusio/suffixarray.go:102.2,107.18 5 0
github.com/gnames/gnmatcher/pkg/io/virusio/suffixarray.go:107.18,108.55 1 0
github.com/gnames/gnmatcher/pkg/io/virusio/suffixarray.go:108.55,110.4 1 0
github.com/gnames/gnmatcher/pkg/io/virusio/suffixarray.go:112.3,112.22 1 0
github.com/gnames/gnmatcher/pkg/io/virusio/suffixarray.go:112.22,116.4 3 0
github.com/gnames/gnmatcher/pkg/io/virusio/suffixarray.go:118.3,118.24 1 0
github.com/gnames/gnmatcher/pkg/io/virusio/suffixarray.go:118.24,129.4 4 0
github.com/gnames/gnmatcher/pkg/io/virusio/suffixarray.go:130.3,130.27 1 0
github.com/gnames/gnmatcher/pkg/io/virusio/suffixarray.go:132.2,137.17 2 0
github.com/gnames/gnmatcher/pkg/io/virusio/suffixarray.go:140.52,145.16 4 0
github.com/gnames/gnmatcher/pkg/io/virusio/suffixarray.go:145.16,147.3 1 0
github.com/gnames/gnmatcher/pkg/io/virusio/suffixarray.go:148.2,151.16 3 0
github.com/gnames/gnmatcher/pkg/io/virusio/suffixarray.go:151.16,153.3 1 0
github.com/gnames/gnmatcher/pkg/io/virusio/suffixarray.go:155.2,157.16 3 0
github.com/gnames/gnmatcher/pkg/io/virusio/suffixarray.go:157.16,159.3 1 0
github.com/gnames/gnmatcher/pkg/io/virusio/suffixarray.go:161.2,162.12 2 0
github.com/gnames/gnmatcher/pkg/io/virusio/virusio.go:21.48,27.2 2 0
github.com/gnames/gnmatcher/pkg/io/virusio/virusio.go:29.26,33.2 3 0
github.com/gnames/gnmatcher/pkg/io/virusio/virusio.go:35.57,39.22 4 0
github.com/gnames/gnmatcher/pkg/io/virusio/virusio.go:39.22,40.52 1 0
github.com/gnames/gnmatcher/pkg/io/virusio/virusio.go:40.52,42.4 1 0
github.com/gnames/gnmatcher/pkg/io/virusio/virusio.go:42.9,45.4 2 0
github.com/gnames/gnmatcher/pkg/io/virusio/virusio.go:47.2,47.12 1 0
github.com/gnames/gnmatcher/pkg/io/virusio/virusio.go:50.32,54.16 4 0
github.com/gnames/gnmatcher/pkg/io/virusio/virusio.go:54.16,57.3 1 0
github.com/gnames/gnmatcher/pkg/io/virusio/virusio.go:62.51,67.2 4 0
github.com/gnames/gnmatcher/pkg/config/config.go:87.36,89.2 1 1
github.com/gnames/gnmatcher/pkg/config/config.go:93.39,95.2 1 1
github.com/gnames/gnmatcher/pkg/config/config.go:99.37,101.2 1 1
github.com/gnames/gnmatcher/pkg/config/config.go:104.37,106.2 1 0
github.com/gnames/gnmatcher/pkg/config/config.go:112.35,113.27 1 1
github.com/gnames/gnmatcher/pkg/config/config.go:113.27,115.17 2 1
github.com/gnames/gnmatcher/pkg/config/config.go:115.17,117.4 1 0
github.com/gnames/gnmatcher/pkg/config/config.go:118.3,118.26 1 1
github.com/gnames/gnmatcher/pkg/config/config.go:123.40,124.27 1 0
github.com/gnames/gnmatcher/pkg/config/config.go:124.27,126.3 1 0
github.com/gnames/gnmatcher/pkg/config/config.go:130.31,131.27 1 1
github.com/gnames/gnmatcher/pkg/config/config.go:131.27,133.3 1 1
github.com/gnames/gnmatcher/pkg/config/config.go:138.35,139.27 1 5
github.com/gnames/gnmatcher/pkg/config/config.go:139.27,140.21 1 5
github.com/gnames/gnmatcher/pkg/config/config.go:140.21,146.4 1 2
github.com/gnames/gnmatcher/pkg/config/config.go:146.9,148.4 1 3
github.com/gnames/gnmatcher/pkg/config/config.go:154.48,155.27 1 0
github.com/gnames/gnmatcher/pkg/config/config.go:155.27,157.3 1 0
github.com/gnames/gnmatcher/pkg/config/config.go:161.33,162.27 1 1
github.com/gnames/gnmatcher/pkg/config/config.go:162.27,164.3 1 1
github.com/gnames/gnmatcher/pkg/config/config.go:168.33,169.27 1 1
github.com/gnames/gnmatcher/pkg/config/config.go:169.27,171.3 1 1
github.com/gnames/gnmatcher/pkg/config/config.go:175.33,176.27 1 1
github.com/gnames/gnmatcher/pkg/config/config.go:176.27,178.3 1 1
github.com/gnames/gnmatcher/pkg/config/config.go:182.30,183.27 1 1
github.com/gnames/gnmatcher/pkg/config/config.go:183.27,185.3 1 1
github.com/gnames/gnmatcher/pkg/config/config.go:189.31,190.27 1 1
github.com/gnames/gnmatcher/pkg/config/config.go:190.27,192.3 1 1
github.com/gnames/gnmatcher/pkg/config/config.go:196.41,197.27 1 0
github.com/gnames/gnmatcher/pkg/config/config.go:197.27,199.3 1 0
github.com/gnames/gnmatcher/pkg/config/config.go:203.45,204.27 1 0
github.com/gnames/gnmatcher/pkg/config/config.go:204.27,206.3 1 0
github.com/gnames/gnmatcher/pkg/config/config.go:211.42,212.27 1 0
github.com/gnames/gnmatcher/pkg/config/config.go:212.27,215.3 2 0
github.com/gnames/gnmatcher/pkg/config/config.go:219.41,220.27 1 0
github.com/gnames/gnmatcher/pkg/config/config.go:220.27,222.3 1 0
github.com/gnames/gnmatcher/pkg/config/config.go:226.36,227.27 1 0
github.com/gnames/gnmatcher/pkg/config/config.go:227.27,229.3 1 0
github.com/gnames/gnmatcher/pkg/config/config.go:234.33,236.16 2 7
github.com/gnames/gnmatcher/pkg/config/config.go:236.16,239.3 2 0
github.com/gnames/gnmatcher/pkg/config/config.go:239.8,241.3 1 7
github.com/gnames/gnmatcher/pkg/config/config.go:242.2,254.27 2 7
github.com/gnames/gnmatcher/pkg/config/config.go:254.27,256.3 1 12
github.com/gnames/gnmatcher/pkg/config/config.go:257.2,257.12 1 7
github.com/gnames/gnmatcher/internal/ent/fuzzy/levenshtein.go:30.38,32.13 2 9
github.com/gnames/gnmatcher/internal/ent/fuzzy/levenshtein.go:32.13,34.3 1 1
github.com/gnames/gnmatcher/internal/ent/fuzzy/levenshtein.go:36.2,36.26 1 8
github.com/gnames/gnmatcher/internal/ent/fuzzy/levenshtein.go:36.26,38.3 1 0
github.com/gnames/gnmatcher/internal/ent/fuzzy/levenshtein.go:39.2,39.28 1 8
github.com/gnames/gnmatcher/internal/ent/fuzzy/levenshtein.go:42.41,45.32 3 8
github.com/gnames/gnmatcher/internal/ent/fuzzy/levenshtein.go:45.32,47.3 1 2
github.com/gnames/gnmatcher/internal/ent/fuzzy/levenshtein.go:48.2,48.27 1 6
github.com/gnames/gnmatcher/internal/ent/fuzzy/levenshtein.go:48.27,51.17 2 9
github.com/gnames/gnmatcher/internal/ent/fuzzy/levenshtein.go:51.17,53.48 2 2
github.com/gnames/gnmatcher/internal/ent/fuzzy/levenshtein.go:53.48,55.5 1 1
github.com/gnames/gnmatcher/internal/ent/fuzzy/levenshtein.go:58.2,58.11 1 5
github.com/gnames/gnmatcher/internal/ent/matcher/exact.go:9.55,11.23 2 0
github.com/gnames/gnmatcher/internal/ent/matcher/exact.go:11.23,13.3 1 0
github.com/gnames/gnmatcher/internal/ent/matcher/exact.go:14.2,16.28 3 0
github.com/gnames/gnmatcher/internal/ent/matcher/exact.go:16.28,18.31 2 0
github.com/gnames/gnmatcher/internal/ent/matcher/exact.go:18.31,21.4 2 0
github.com/gnames/gnmatcher/internal/ent/matcher/exact.go:21.9,24.26 2 0
github.com/gnames/gnmatcher/internal/ent/matcher/exact.go:24.26,25.13 1 0
github.com/gnames/gnmatcher/internal/ent/matcher/exact.go:27.4,28.28 2 0
github.com/gnames/gnmatcher/internal/ent/matcher/exact.go:30.3,30.37 1 0
github.com/gnames/gnmatcher/internal/ent/matcher/exact.go:33.2,34.26 2 0
github.com/gnames/gnmatcher/internal/ent/matcher/exact.go:34.26,36.3 1 0
github.com/gnames/gnmatcher/internal/ent/matcher/exact.go:38.2,43.3 1 0
github.com/gnames/gnmatcher/internal/ent/matcher/exact.go:47.56,50.26 3 0
github.com/gnames/gnmatcher/internal/ent/matcher/exact.go:50.26,52.3 1 0
github.com/gnames/gnmatcher/internal/ent/matcher/exact.go:53.2,53.28 1 0
github.com/gnames/gnmatcher/internal/ent/matcher/exact.go:53.28,55.3 1 0
github.com/gnames/gnmatcher/internal/ent/matcher/exact.go:56.2,61.3 1 0
github.com/gnames/gnmatcher/internal/ent/matcher/fuzzy.go:15.15,17.27 2 2
github.com/gnames/gnmatcher/internal/ent/matcher/fuzzy.go:17.27,19.3 1 0
github.com/gnames/gnmatcher/internal/ent/matcher/fuzzy.go:21.2,27.40 2 2
github.com/gnames/gnmatcher/internal/ent/matcher/fuzzy.go:27.40,30.29 2 2
github.com/gnames/gnmatcher/internal/ent/matcher/fuzzy.go:30.29,31.12 1 1
github.com/gnames/gnmatcher/internal/ent/matcher/fuzzy.go:33.3,34.40 2 1
github.com/gnames/gnmatcher/internal/ent/matcher/fuzzy.go:34.40,39.26 3 1
github.com/gnames/gnmatcher/internal/ent/matcher/fuzzy.go:39.26,40.13 1 0
github.com/gnames/gnmatcher/internal/ent/matcher/fuzzy.go:42.4,45.54 4 1
github.com/gnames/gnmatcher/internal/ent/matcher/fuzzy.go:49.2,50.30 2 2
github.com/gnames/gnmatcher/internal/ent/matcher/fuzzy.go:50.30,52.3 1 1
github.com/gnames/gnmatcher/internal/ent/matcher/fuzzy.go:54.2,54.12 1 1
github.com/gnames/gnmatcher/internal/ent/matcher/matcher.go:37.29,44.2 1 0
github.com/gnames/gnmatcher/internal/ent/matcher/matcher.go:46.25,49.12 3 0
github.com/gnames/gnmatcher/internal/ent/matcher/matcher.go:49.12,52.3 2 0
github.com/gnames/gnmatcher/internal/ent/matcher/matcher.go:53.2,53.12 1 0
github.com/gnames/gnmatcher/internal/ent/matcher/matcher.go:53.12,56.3 2 0
github.com/gnames/gnmatcher/internal/ent/matcher/matcher.go:57.2,57.12 1 0
github.com/gnames/gnmatcher/internal/ent/matcher/matcher.go:57.12,60.3 2 0
github.com/gnames/gnmatcher/internal/ent/matcher/matcher.go:61.2,61.11 1 0
github.com/gnames/gnmatcher/internal/ent/matcher/matcher.go:77.15,86.27 8 0
github.com/gnames/gnmatcher/internal/ent/matcher/matcher.go:86.27,88.3 1 0
github.com/gnames/gnmatcher/internal/ent/matcher/matcher.go:90.2,94.37 4 0
github.com/gnames/gnmatcher/internal/ent/matcher/matcher.go:94.37,96.3 1 0
github.com/gnames/gnmatcher/internal/ent/matcher/matcher.go:98.2,98.12 1 0
github.com/gnames/gnmatcher/internal/ent/matcher/matcher.go:98.12,100.24 2 0
github.com/gnames/gnmatcher/internal/ent/matcher/matcher.go:100.24,102.4 1 0
github.com/gnames/gnmatcher/internal/ent/matcher/matcher.go:105.2,109.29 4 0
github.com/gnames/gnmatcher/internal/ent/matcher/matcher.go:112.61,121.20 2 0
github.com/gnames/gnmatcher/internal/ent/matcher/matcher.go:121.20,122.36 1 0
github.com/gnames/gnmatcher/internal/ent/matcher/matcher.go:122.36,125.4 1 0
github.com/gnames/gnmatcher/internal/ent/matcher/matcher.go:127.2,128.12 2 0
github.com/gnames/gnmatcher/internal/ent/matcher/matcher.go:131.62,132.33 1 0
github.com/gnames/gnmatcher/internal/ent/matcher/matcher.go:132.33,135.36 3 0
github.com/gnames/gnmatcher/internal/ent/matcher/matcher.go:135.36,138.4 2 0
github.com/gnames/gnmatcher/internal/ent/matcher/matcher.go:140.3,141.13 2 0
github.com/gnames/gnmatcher/internal/ent/matcher/matcher.go:144.2,145.38 2 0
github.com/gnames/gnmatcher/internal/ent/matcher/matcher.go:145.38,146.40 1 0
github.com/gnames/gnmatcher/internal/ent/matcher/matcher.go:146.40,148.4 1 0
github.com/gnames/gnmatcher/internal/ent/matcher/matcher.go:150.2,151.12 2 0
github.com/gnames/gnmatcher/internal/ent/matcher/matcher.go:160.3,165.24 4 0
github.com/gnames/gnmatcher/internal/ent/matcher/matcher.go:165.24,170.29 4 0
github.com/gnames/gnmatcher/internal/ent/matcher/matcher.go:170.29,172.4 1 0
github.com/gnames/gnmatcher/internal/ent/matcher/matcher.go:174.3,174.18 1 0
github.com/gnames/gnmatcher/internal/ent/matcher/matcher.go:174.18,175.64 1 0
github.com/gnames/gnmatcher/internal/ent/matcher/matcher.go:175.64,177.13 2 0
github.com/gnames/gnmatcher/internal/ent/matcher/matcher.go:179.4,183.21 2 0
github.com/gnames/gnmatcher/internal/ent/matcher/matcher.go:183.21,186.27 3 0
github.com/gnames/gnmatcher/internal/ent/matcher/matcher.go:186.27,188.6 1 0
github.com/gnames/gnmatcher/internal/ent/matcher/matcher.go:188.11,188.33 1 0
github.com/gnames/gnmatcher/internal/ent/matcher/matcher.go:188.33,193.6 1 0
github.com/gnames/gnmatcher/internal/ent/matcher/matcher.go:196.4,196.60 1 0
github.com/gnames/gnmatcher/internal/ent/matcher/matcher.go:196.60,197.27 1 0
github.com/gnames/gnmatcher/internal/ent/matcher/matcher.go:197.27,199.6 1 0
github.com/gnames/gnmatcher/internal/ent/matcher/matcher.go:200.5,201.13 2 0
github.com/gnames/gnmatcher/internal/ent/matcher/matcher.go:203.9,203.24 1 0
github.com/gnames/gnmatcher/internal/ent/matcher/matcher.go:203.24,205.4 1 0
github.com/gnames/gnmatcher/internal/ent/matcher/matcher.go:206.3,206.25 1 0
github.com/gnames/gnmatcher/internal/ent/matcher/matcher.go:206.25,208.4 1 0
github.com/gnames/gnmatcher/internal/ent/matcher/matcher.go:209.3,209.25 1 0
github.com/gnames/gnmatcher/internal/ent/matcher/matcher.go:209.25,211.4 1 0
github.com/gnames/gnmatcher/internal/ent/matcher/matcher.go:212.3,212.59 1 0
github.com/gnames/gnmatcher/internal/ent/matcher/matcher.go:216.52,217.29 1 0
github.com/gnames/gnmatcher/internal/ent/matcher/matcher.go:217.29,220.3 2 0
github.com/gnames/gnmatcher/internal/ent/matcher/matcher.go:221.2,221.13 1 0
github.com/gnames/gnmatcher/internal/ent/matcher/matcher.go:224.56,225.38 1 0
github.com/gnames/gnmatcher/internal/ent/matcher/matcher.go:225.38,230.3 2 0
github.com/gnames/gnmatcher/internal/ent/matcher/matcher.go:231.2,231.14 1 0
github.com/gnames/gnmatcher/internal/ent/matcher/matcher.go:237.57,239.28 1 0
github.com/gnames/gnmatcher/internal/ent/matcher/matcher.go:239.28,241.3 1 0
github.com/gnames/gnmatcher/internal/ent/matcher/matcher.go:242.2,242.41 1 0
github.com/gnames/gnmatcher/internal/ent/matcher/matcher.go:242.41,243.40 1 0
github.com/gnames/gnmatcher/internal/ent/matcher/matcher.go:243.40,249.4 1 0
github.com/gnames/gnmatcher/internal/ent/matcher/matcher.go:251.2,251.12 1 0
github.com/gnames/gnmatcher/internal/ent/matcher/matcher.go:254.75,255.48 1 0
github.com/gnames/gnmatcher/internal/ent/matcher/matcher.go:255.48,257.3 1 0
github.com/gnames/gnmatcher/internal/ent/matcher/matcher.go:258.2,258.41 1 0
github.com/gnames/gnmatcher/internal/ent/matcher/matcher.go:258.41,261.3 2 0
github.com/gnames/gnmatcher/internal/ent/matcher/matcher.go:262.2,262.12 1 0
github.com/gnames/gnmatcher/internal/ent/matcher/matcher.go:265.45,271.2 1 0
github.com/gnames/gnmatcher/internal/ent/matcher/matcher.go:273.75,274.50 1 2
github.com/gnames/gnmatcher/internal/ent/matcher/matcher.go:274.50,276.3 1 2
github.com/gnames/gnmatcher/internal/ent/matcher/matcher.go:278.2,279.21 2 0
github.com/gnames/gnmatcher/internal/ent/matcher/matcher.go:279.21,281.30 2 0
github.com/gnames/gnmatcher/internal/ent/matcher/matcher.go:281.30,285.4 2 0
github.com/gnames/gnmatcher/internal/ent/matcher/matcher.go:287.2,287.12 1 0
github.com/gnames/gnmatcher/internal/ent/matcher/matcher.go:290.71,293.41 3 0
github.com/gnames/gnmatcher/internal/ent/matcher/matcher.go:293.41,294.42 1 0
github.com/gnames/gnmatcher/internal/ent/matcher/matcher.go:294.42,296.4 1 0
github.com/gnames/gnmatcher/internal/ent/matcher/matcher.go:298.2,298.12 1 0
github.com/gnames/gnmatcher/internal/ent/matcher/name_string.go:68.32,70.17 2 0
github.com/gnames/gnmatcher/internal/ent/matcher/name_string.go:70.17,82.3 3 0
github.com/gnames/gnmatcher/internal/ent/matcher/name_string.go:84.2,88.10 1 0
github.com/gnames/gnmatcher/internal/ent/matcher/name_string.go:91.75,92.24 1 0
github.com/gnames/gnmatcher/internal/ent/matcher/name_string.go:93.9,94.33 1 0
github.com/gnames/gnmatcher/internal/ent/matcher/name_string.go:95.9,96.32 1 0
github.com/gnames/gnmatcher/internal/ent/matcher/name_string.go:98.2,98.12 1 0
github.com/gnames/gnmatcher/internal/ent/matcher/name_string.go:101.74,103.21 2 0
github.com/gnames/gnmatcher/internal/ent/matcher/name_string.go:103.21,105.3 1 0
github.com/gnames/gnmatcher/internal/ent/matcher/name_string.go:106.2,109.13 4 0
github.com/gnames/gnmatcher/internal/ent/matcher/name_string.go:112.73,114.21 2 0
github.com/gnames/gnmatcher/internal/ent/matcher/name_string.go:114.21,116.3 1 0
github.com/gnames/gnmatcher/internal/ent/matcher/name_string.go:117.2,119.13 3 0
github.com/gnames/gnmatcher/internal/ent/matcher/name_string.go:122.52,123.14 1 0
github.com/gnames/gnmatcher/internal/ent/matcher/name_string.go:123.14,125.3 1 0
github.com/gnames/gnmatcher/internal/ent/matcher/name_string.go:126.2,129.30 4 0
github.com/gnames/gnmatcher/internal/ent/matcher/name_string.go:129.30,131.3 1 0
github.com/gnames/gnmatcher/internal/ent/matcher/name_string.go:134.54,135.26 1 0
github.com/gnames/gnmatcher/internal/ent/matcher/name_string.go:135.26,137.3 1 0
github.com/gnames/gnmatcher/internal/ent/matcher/name_string.go:138.2,144.20 4 0
github.com/gnames/gnmatcher/internal/ent/matcher/name_string.go:144.20,146.3 1 0
github.com/gnames/gnmatcher/internal/ent/matcher/name_string.go:148.2,149.41 2 0
github.com/gnames/gnmatcher/internal/ent/matcher/name_string.go:149.41,158.3 4 0
github.com/gnames/gnmatcher/internal/ent/matcher/partial.go:14.84,15.23 1 0
github.com/gnames/gnmatcher/internal/ent/matcher/partial.go:15.23,17.3 1 0
github.com/gnames/gnmatcher/internal/ent/matcher/partial.go:19.2,19.50 1 0
github.com/gnames/gnmatcher/internal/ent/matcher/partial.go:19.50,20.63 1 0
github.com/gnames/gnmatcher/internal/ent/matcher/partial.go:20.63,22.4 1 0
github.com/gnames/gnmatcher/internal/ent/matcher/partial.go:24.2,24.34 1 0
github.com/gnames/gnmatcher/internal/ent/matcher/partial.go:27.65,33.59 4 0
github.com/gnames/gnmatcher/internal/ent/matcher/partial.go:33.59,36.31 3 0
github.com/gnames/gnmatcher/internal/ent/matcher/partial.go:36.31,38.4 1 0
github.com/gnames/gnmatcher/internal/ent/matcher/partial.go:39.3,40.33 2 0
github.com/gnames/gnmatcher/internal/ent/matcher/partial.go:40.33,42.4 1 0
github.com/gnames/gnmatcher/internal/ent/matcher/partial.go:43.3,43.13 1 0
github.com/gnames/gnmatcher/internal/ent/matcher/partial.go:46.2,46.26 1 0
github.com/gnames/gnmatcher/internal/ent/matcher/partial.go:46.26,48.3 1 0
github.com/gnames/gnmatcher/internal/ent/matcher/partial.go:50.2,50.28 1 0
github.com/gnames/gnmatcher/internal/ent/matcher/partial.go:50.28,53.3 2 0
github.com/gnames/gnmatcher/internal/ent/matcher/partial.go:54.2,59.3 1 0
github.com/gnames/gnmatcher/internal/ent/matcher/partial.go:63.40,65.29 2 0
github.com/gnames/gnmatcher/internal/ent/matcher/partial.go:65.29,68.21 2 0
github.com/gnames/gnmatcher/internal/ent/matcher/partial.go:68.21,69.12 1 0
github.com/gnames/gnmatcher/internal/ent/matcher/partial.go:71.3,73.23 3 0
github.com/gnames/gnmatcher/internal/ent/matcher/partial.go:73.23,75.30 2 0
github.com/gnames/gnmatcher/internal/ent/matcher/partial.go:75.30,77.33 2 0
github.com/gnames/gnmatcher/internal/ent/matcher/partial.go:77.33,80.6 2 0
github.com/gnames/gnmatcher/internal/ent/matcher/partial.go:80.11,82.28 2 0
github.com/gnames/gnmatcher/internal/ent/matcher/partial.go:82.28,83.15 1 0
github.com/gnames/gnmatcher/internal/ent/matcher/partial.go:85.6,86.37 2 0
github.com/gnames/gnmatcher/internal/ent/matcher/partial.go:88.5,88.39 1 0
github.com/gnames/gnmatcher/internal/ent/matcher/partial.go:91.4,92.28 2 0
github.com/gnames/gnmatcher/internal/ent/matcher/partial.go:92.28,94.5 1 0
github.com/gnames/gnmatcher/internal/ent/matcher/partial.go:96.4,101.5 1 0
github.com/gnames/gnmatcher/internal/ent/matcher/partial.go:106.2,106.29 1 0
github.com/gnames/gnmatcher/internal/ent/matcher/partial.go:106.29,108.54 2 0
github.com/gnames/gnmatcher/internal/ent/matcher/partial.go:108.54,110.32 2 0
github.com/gnames/gnmatcher/internal/ent/matcher/partial.go:110.32,112.5 1 0
github.com/gnames/gnmatcher/internal/ent/matcher/partial.go:114.4,114.34 1 0
github.com/gnames/gnmatcher/internal/ent/matcher/partial.go:114.34,116.5 1 0
github.com/gnames/gnmatcher/internal/ent/matcher/partial.go:118.4,119.14 2 0
github.com/gnames/gnmatcher/internal/ent/matcher/partial.go:123.2,123.12 1 0
github.com/gnames/gnmatcher/pkg/gnmatcher.go:26.13,31.2 4 1
github.com/gnames/gnmatcher/pkg/gnmatcher.go:33.84,35.2 1 0
github.com/gnames/gnmatcher/pkg/gnmatcher.go:37.50,39.2 1 1
github.com/gnames/gnmatcher/pkg/gnmatcher.go:41.48,43.2 1 0
github.com/gnames/gnmatcher/pkg/io/bloom/bloom.go:20.48,22.2 1 0
github.com/gnames/gnmatcher/pkg/io/bloom/bloom.go:24.32,28.2 3 0
github.com/gnames/gnmatcher/pkg/io/bloom/bloom.go:30.60,35.2 4 0
github.com/gnames/gnmatcher/pkg/io/bloom/bloom.go:37.37,41.16 4 0
github.com/gnames/gnmatcher/pkg/io/bloom/bloom.go:41.16,43.3 1 0
github.com/gnames/gnmatcher/pkg/io/bloom/cache_filters.go:17.61,21.16 4 0
github.com/gnames/gnmatcher/pkg/io/bloom/cache_filters.go:21.16,23.3 1 0
github.com/gnames/gnmatcher/pkg/io/bloom/cache_filters.go:24.2,24.17 1 0
github.com/gnames/gnmatcher/pkg/io/bloom/cache_filters.go:24.17,25.66 1 0
github.com/gnames/gnmatcher/pkg/io/bloom/cache_filters.go:25.66,27.4 1 0
github.com/gnames/gnmatcher/pkg/io/bloom/cache_filters.go:29.2,29.12 1 0
github.com/gnames/gnmatcher/pkg/io/bloom/cache_filters.go:32.76,38.16 5 0
github.com/gnames/gnmatcher/pkg/io/bloom/cache_filters.go:38.16,40.3 1 0
github.com/gnames/gnmatcher/pkg/io/bloom/cache_filters.go:42.2,42.55 1 0
github.com/gnames/gnmatcher/pkg/io/bloom/cache_filters.go:42.55,44.3 1 0
github.com/gnames/gnmatcher/pkg/io/bloom/cache_filters.go:46.2,49.12 2 0
github.com/gnames/gnmatcher/pkg/io/bloom/cache_filters.go:52.57,55.16 3 0
github.com/gnames/gnmatcher/pkg/io/bloom/cache_filters.go:55.16,57.3 1 0
github.com/gnames/gnmatcher/pkg/io/bloom/cache_filters.go:58.2,60.16 3 0
github.com/gnames/gnmatcher/pkg/io/bloom/cache_filters.go:60.16,62.3 1 0
github.com/gnames/gnmatcher/pkg/io/bloom/cache_filters.go:63.2,63.25 1 0
github.com/gnames/gnmatcher/pkg/io/bloom/cache_filters.go:63.25,65.17 2 0
github.com/gnames/gnmatcher/pkg/io/bloom/cache_filters.go:65.17,67.4 1 0
github.com/gnames/gnmatcher/pkg/io/bloom/cache_filters.go:68.3,68.15 1 0
github.com/gnames/gnmatcher/pkg/io/bloom/cache_filters.go:69.24,74.5 1 0
github.com/gnames/gnmatcher/pkg/io/bloom/cache_filters.go:77.2,77.13 1 0
github.com/gnames/gnmatcher/pkg/io/bloom/db_filters.go:13.58,17.16 4 0
github.com/gnames/gnmatcher/pkg/io/bloom/db_filters.go:17.16,19.3 1 0
github.com/gnames/gnmatcher/pkg/io/bloom/db_filters.go:20.2,25.19 3 0
github.com/gnames/gnmatcher/pkg/io/bloom/db_filters.go:31.47,36.16 4 0
github.com/gnames/gnmatcher/pkg/io/bloom/db_filters.go:36.16,38.3 1 0
github.com/gnames/gnmatcher/pkg/io/bloom/db_filters.go:39.2,39.35 1 0
github.com/gnames/gnmatcher/pkg/io/bloom/db_filters.go:42.60,46.39 4 0
github.com/gnames/gnmatcher/pkg/io/bloom/db_filters.go:46.39,48.3 1 0
github.com/gnames/gnmatcher/pkg/io/bloom/db_filters.go:49.2,49.17 1 0
github.com/gnames/gnmatcher/pkg/io/bloom/db_filters.go:56.47,68.16 6 0
github.com/gnames/gnmatcher/pkg/io/bloom/db_filters.go:68.16,70.3 1 0
github.com/gnames/gnmatcher/pkg/io/bloom/db_filters.go:71.2,71.18 1 0
github.com/gnames/gnmatcher/pkg/io/bloom/db_filters.go:71.18,72.42 1 0
github.com/gnames/gnmatcher/pkg/io/bloom/db_filters.go:72.42,74.4 1 0
github.com/gnames/gnmatcher/pkg/io/bloom/db_filters.go:75.3,75.23 1 0
github.com/gnames/gnmatcher/pkg/io/bloom/db_filters.go:77.2,77.28 1 0
github.com/gnames/gnmatcher/pkg/io/bloom/filters.go:38.38,42.23 3 0
github.com/gnames/gnmatcher/pkg/io/bloom/filters.go:42.23,44.3 1 0
github.com/gnames/gnmatcher/pkg/io/bloom/filters.go:46.2,47.16 2 0
github.com/gnames/gnmatcher/pkg/io/bloom/filters.go:47.16,49.3 1 0
github.com/gnames/gnmatcher/pkg/io/bloom/filters.go:51.2,51.23 1 0
github.com/gnames/gnmatcher/pkg/io/bloom/filters.go:51.23,53.3 1 0
github.com/gnames/gnmatcher/pkg/io/bloom/filters.go:55.2,56.16 2 0
github.com/gnames/gnmatcher/pkg/io/bloom/filters.go:56.16,59.3 1 0
github.com/gnames/gnmatcher/pkg/io/bloom/serialization.go:12.54,20.31 4 0
github.com/gnames/gnmatcher/pkg/io/bloom/serialization.go:20.31,25.17 4 0
github.com/gnames/gnmatcher/pkg/io/bloom/serialization.go:25.17,27.4 1 0
github.com/gnames/gnmatcher/pkg/io/bloom/serialization.go:28.3,28.21 1 0
github.com/gnames/gnmatcher/pkg/io/bloom/serialization.go:28.21,30.18 2 0
github.com/gnames/gnmatcher/pkg/io/bloom/serialization.go:30.18,32.5 1 0
github.com/gnames/gnmatcher/pkg/io/bloom/serialization.go:33.4,33.12 1 0
github.com/gnames/gnmatcher/pkg/io/bloom/serialization.go:36.3,37.17 2 0
github.com/gnames/gnmatcher/pkg/io/bloom/serialization.go:37.17,39.4 1 0
github.com/gnames/gnmatcher/pkg/io/bloom/serialization.go:42.2,42.16 1 0
github.com/gnames/gnmatcher/pkg/io/bloom/serialization.go:42.16,44.3 1 0
github.com/gnames/gnmatcher/pkg/io/bloom/serialization.go:47.52,49.16 2 0
github.com/gnames/gnmatcher/pkg/io/bloom/serialization.go:49.16,51.3 1 0
github.com/gnames/gnmatcher/pkg/io/bloom/serialization.go:52.2,52.18 1 0
github.com/gnames/gnmatcher/pkg/io/bloom/serialization.go:59.9,63.16 4 0
github.com/gnames/gnmatcher/pkg/io/bloom/serialization.go:63.16,65.3 1 0
github.com/gnames/gnmatcher/pkg/io/bloom/serialization.go:66.2,67.16 2 0
github.com/gnames/gnmatcher/pkg/io/bloom/serialization.go:67.16,69.3 1 0
github.com/gnames/gnmatcher/pkg/io/bloom/serialization.go:70.2,70.12 1 0
github.com/gnames/gnmatcher/pkg/io/bloom/serialization.go:73.64,77.50 3 0
github.com/gnames/gnmatcher/pkg/io/bloom/serialization.go:77.50,79.3 1 0
github.com/gnames/gnmatcher/pkg/io/bloom/serialization.go:80.2,80.12 1 0
github.com/gnames/gnmatcher/pkg/io/dbase/dbase.go:16.39,18.16 2 0
github.com/gnames/gnmatcher/pkg/io/dbase/dbase.go:18.16,20.3 1 0
github.com/gnames/gnmatcher/pkg/io/dbase/dbase.go:21.2,21.11 1 0
github.com/gnames/gnmatcher/pkg/io/dbase/dbase.go:24.38,28.2 2 0
github.com/gnames/gnmatcher/pkg/io/trie/stemskv.go:16.43,19.16 3 0
github.com/gnames/gnmatcher/pkg/io/trie/stemskv.go:19.16,21.3 1 0
github.com/gnames/gnmatcher/pkg/io/trie/stemskv.go:23.2,23.24 1 0
github.com/gnames/gnmatcher/pkg/io/trie/stemskv.go:23.24,26.3 2 0
github.com/gnames/gnmatcher/pkg/io/trie/stemskv.go:27.2,42.16 5 0
github.com/gnames/gnmatcher/pkg/io/trie/stemskv.go:42.16,44.3 1 0
github.com/gnames/gnmatcher/pkg/io/trie/stemskv.go:45.2,52.18 8 0
github.com/gnames/gnmatcher/pkg/io/trie/stemskv.go:52.18,53.60 1 0
github.com/gnames/gnmatcher/pkg/io/trie/stemskv.go:53.60,55.4 1 0
github.com/gnames/gnmatcher/pkg/io/trie/stemskv.go:56.3,56.24 1 0
github.com/gnames/gnmatcher/pkg/io/trie/stemskv.go:56.24,58.4 1 0
github.com/gnames/gnmatcher/pkg/io/trie/stemskv.go:59.3,59.22 1 0
github.com/gnames/gnmatcher/pkg/io/trie/stemskv.go:59.22,63.4 3 0
github.com/gnames/gnmatcher/pkg/io/trie/stemskv.go:65.3,65.26 1 0
github.com/gnames/gnmatcher/pkg/io/trie/stemskv.go:65.26,75.22 4 0
github.com/gnames/gnmatcher/pkg/io/trie/stemskv.go:75.22,77.19 2 0
github.com/gnames/gnmatcher/pkg/io/trie/stemskv.go:77.19,79.6 1 0
github.com/gnames/gnmatcher/pkg/io/trie/stemskv.go:80.5,81.36 2 0
github.com/gnames/gnmatcher/pkg/io/trie/stemskv.go:83.4,87.34 5 0
github.com/gnames/gnmatcher/pkg/io/trie/stemskv.go:90.3,90.22 1 0
github.com/gnames/gnmatcher/pkg/io/trie/stemskv.go:90.22,100.4 4 0
github.com/gnames/gnmatcher/pkg/io/trie/stemskv.go:101.3,101.27 1 0
github.com/gnames/gnmatcher/pkg/io/trie/stemskv.go:104.2,112.16 4 0
github.com/gnames/gnmatcher/pkg/io/trie/stemskv.go:112.16,114.3 1 0
github.com/gnames/gnmatcher/pkg/io/trie/stemskv.go:120.3,125.43 5 0
github.com/gnames/gnmatcher/pkg/io/trie/stemskv.go:125.43,127.3 1 0
github.com/gnames/gnmatcher/pkg/io/trie/stemskv.go:128.2,129.43 2 0
github.com/gnames/gnmatcher/pkg/io/trie/stemskv.go:129.43,131.3 1 0
github.com/gnames/gnmatcher/pkg/io/trie/stemskv.go:135.44,140.16 4 0
github.com/gnames/gnmatcher/pkg/io/trie/stemskv.go:140.16,142.3 1 0
github.com/gnames/gnmatcher/pkg/io/trie/stemskv.go:143.2,143.12 1 0
github.com/gnames/gnmatcher/pkg/io/trie/stemskv.go:149.49,151.45 2 0
github.com/gnames/gnmatcher/pkg/io/trie/stemskv.go:151.45,153.35 2 0
github.com/gnames/gnmatcher/pkg/io/trie/stemskv.go:153.35,155.4 1 0
github.com/gnames/gnmatcher/pkg/io/trie/stemskv.go:155.9,155.24 1 0
github.com/gnames/gnmatcher/pkg/io/trie/stemskv.go:155.24,157.4 1 0
github.com/gnames/gnmatcher/pkg/io/trie/stemskv.go:159.3,159.44 1 0
github.com/gnames/gnmatcher/pkg/io/trie/stemskv.go:159.44,162.4 2 0
github.com/gnames/gnmatcher/pkg/io/trie/stemskv.go:164.2,164.16 1 0
github.com/gnames/gnmatcher/pkg/io/trie/stemskv.go:164.16,166.3 1 0
github.com/gnames/gnmatcher/pkg/io/trie/stemskv.go:167.2,167.12 1 0
github.com/gnames/gnmatcher/pkg/io/trie/stemskv.go:171.37,174.2 2 0
github.com/gnames/gnmatcher/pkg/io/trie/trie.go:34.48,37.2 2 0
github.com/gnames/gnmatcher/pkg/io/trie/trie.go:39.32,46.2 6 0
github.com/gnames/gnmatcher/pkg/io/trie/trie.go:48.57,50.2 1 0
github.com/gnames/gnmatcher/pkg/io/trie/trie.go:52.58,55.2 2 0
github.com/gnames/gnmatcher/pkg/io/trie/trie.go:57.72,61.16 4 0
github.com/gnames/gnmatcher/pkg/io/trie/trie.go:61.16,64.3 1 0
github.com/gnames/gnmatcher/pkg/io/trie/trie.go:65.2,65.12 1 0
github.com/gnames/gnmatcher/pkg/io/trie/trie.go:71.64,74.16 3 0
github.com/gnames/gnmatcher/pkg/io/trie/trie.go:74.16,77.3 2 0
github.com/gnames/gnmatcher/pkg/io/trie/trie.go:79.2,80.16 2 0
github.com/gnames/gnmatcher/pkg/io/trie/trie.go:80.16,82.3 1 0
github.com/gnames/gnmatcher/pkg/io/trie/trie.go:83.2,83.13 1 0
github.com/gnames/gnmatcher/pkg/io/trie/trie.go:86.43,90.39 4 0
github.com/gnames/gnmatcher/pkg/io/trie/trie.go:90.39,92.3 1 0
github.com/gnames/gnmatcher/pkg/io/trie/trie.go:93.2,93.17 1 0
github.com/gnames/gnmatcher/pkg/io/trie/trie.go:96.67,100.16 4 0
github.com/gnames/gnmatcher/pkg/io/trie/trie.go:100.16,102.3 1 0
github.com/gnames/gnmatcher/pkg/io/trie/trie.go:103.2,103.42 1 0
github.com/gnames/gnmatcher/pkg/io/trie/trie.go:106.85,110.16 4 0
github.com/gnames/gnmatcher/pkg/io/trie/trie.go:110.16,112.3 1 0
github.com/gnames/gnmatcher/pkg/io/trie/trie.go:113.2,118.16 5 0
github.com/gnames/gnmatcher/pkg/io/trie/trie.go:118.16,120.3 1 0
github.com/gnames/gnmatcher/pkg/io/trie/trie.go:122.2,122.18 1 0
github.com/gnames/gnmatcher/pkg/io/trie/trie.go:122.18,123.41 1 0
github.com/gnames/gnmatcher/pkg/io/trie/trie.go:123.41,125.4 1 0
github.com/gnames/gnmatcher/pkg/io/trie/trie.go:126.3,126.30 1 0
github.com/gnames/gnmatcher/pkg/io/trie/trie.go:128.2,131.16 4 0
github.com/gnames/gnmatcher/pkg/io/trie/trie.go:131.16,133.3 1 0
github.com/gnames/gnmatcher/pkg/io/trie/trie.go:134.2,135.16 2 0
github.com/gnames/gnmatcher/pkg/io/trie/trie.go:135.16,137.3 1 0
github.com/gnames/gnmatcher/pkg/io/trie/trie.go:138.2,139.18 2 0
github.com/gnames/gnmatcher/pkg/io/trie/trie.go:142.38,145.27 3 0
github.com/gnames/gnmatcher/pkg/io/trie/trie.go:145.27,147.17 2 0
github.com/gnames/gnmatcher/pkg/io/trie/trie.go:147.17,149.4 1 0
github.com/gnames/gnmatcher/pkg/io/virusio/suffixarray.go:15.33,20.21 4 0
github.com/gnames/gnmatcher/pkg/io/virusio/suffixarray.go:20.21,22.3 1 0
github.com/gnames/gnmatcher/pkg/io/virusio/suffixarray.go:24.2,25.16 2 0
github.com/gnames/gnmatcher/pkg/io/virusio/suffixarray.go:25.16,28.3 2 0
github.com/gnames/gnmatcher/pkg/io/virusio/suffixarray.go:30.2,30.21 1 0
github.com/gnames/gnmatcher/pkg/io/virusio/suffixarray.go:30.21,32.3 1 0
github.com/gnames/gnmatcher/pkg/io/virusio/suffixarray.go:34.2,36.16 3 0
github.com/gnames/gnmatcher/pkg/io/virusio/suffixarray.go:36.16,39.3 1 0
github.com/gnames/gnmatcher/pkg/io/virusio/suffixarray.go:40.2,42.16 3 0
github.com/gnames/gnmatcher/pkg/io/virusio/suffixarray.go:42.16,45.3 1 0
github.com/gnames/gnmatcher/pkg/io/virusio/suffixarray.go:46.2,46.47 1 0
github.com/gnames/gnmatcher/pkg/io/virusio/suffixarray.go:49.45,53.16 4 0
github.com/gnames/gnmatcher/pkg/io/virusio/suffixarray.go:53.16,55.3 1 0
github.com/gnames/gnmatcher/pkg/io/virusio/suffixarray.go:57.2,58.16 2 0
github.com/gnames/gnmatcher/pkg/io/virusio/suffixarray.go:58.16,60.3 1 0
github.com/gnames/gnmatcher/pkg/io/virusio/suffixarray.go:62.2,63.12 2 0
github.com/gnames/gnmatcher/pkg/io/virusio/suffixarray.go:66.61,72.22 5 0
github.com/gnames/gnmatcher/pkg/io/virusio/suffixarray.go:72.22,73.37 1 0
github.com/gnames/gnmatcher/pkg/io/virusio/suffixarray.go:73.37,74.12 1 0
github.com/gnames/gnmatcher/pkg/io/virusio/suffixarray.go:76.3,80.21 5 0
github.com/gnames/gnmatcher/pkg/io/virusio/suffixarray.go:82.2,84.14 3 0
github.com/gnames/gnmatcher/pkg/io/virusio/suffixarray.go:87.69,99.16 6 0
github.com/gnames/gnmatcher/pkg/io/virusio/suffixarray.go:99.16,101.3 1 0
github.com/gnames/gnmatcher/pkg/io/virusio/suffixarray.go:102.2,107.18 5 0
github.com/gnames/gnmatcher/pkg/io/virusio/suffixarray.go:107.18,108.55 1 0
github.com/gnames/gnmatcher/pkg/io/virusio/suffixarray.go:108.55,110.4 1 0
github.com/gnames/gnmatcher/pkg/io/virusio/suffixarray.go:112.3,112.22 1 0
github.com/gnames/gnmatcher/pkg/io/virusio/suffixarray.go:112.22,116.4 3 0
github.com/gnames/gnmatcher/pkg/io/virusio/suffixarray.go:118.3,118.24 1 0
github.com/gnames/gnmatcher/pkg/io/virusio/suffixarray.go:118.24,129.4 4 0
github.com/gnames/gnmatcher/pkg/io/virusio/suffixarray.go:130.3,130.27 1 0
github.com/gnames/gnmatcher/pkg/io/virusio/suffixarray.go:132.2,137.17 2 0
github.com/gnames/gnmatcher/pkg/io/virusio/suffixarray.go:140.52,145.16 4 0
github.com/gnames/gnmatcher/pkg/io/virusio/suffixarray.go:145.16,147.3 1 0
github.com/gnames/gnmatcher/pkg/io/virusio/suffixarray.go:148.2,151.16 3 0
github.com/gnames/gnmatcher/pkg/io/virusio/suffixarray.go:151.16,153.3 1 0
github.com/gnames/gnmatcher/pkg/io/virusio/suffixarray.go:155.2,157.16 3 0
github.com/gnames/gnmatcher/pkg/io/virusio/suffixarray.go:157.16,159.3 1 0
github.com/gnames/gnmatcher/pkg/io/virusio/suffixarray.go:161.2,162.12 2 0
github.com/gnames/gnmatcher/pkg/io/virusio/virusio.go:21.48,27.2 2 0
github.com/gnames/gnmatcher/pkg/io/virusio/virusio.go:29.26,33.2 3 0
github.com/gnames/gnmatcher/pkg/io/virusio/virusio.go:35.57,39.22 4 0
github.com/gnames/gnmatcher/pkg/io/virusio/virusio.go:39.22,40.52 1 0
github.com/gnames/gnmatcher/pkg/io/virusio/virusio.go:40.52,42.4 1 0
github.com/gnames/gnmatcher/pkg/io/virusio/virusio.go:42.9,45.4 2 0
github.com/gnames/gnmatcher/pkg/io/virusio/virusio.go:47.2,47.12 1 0
github.com/gnames/gnmatcher/pkg/io/virusio/virusio.go:50.32,54.16 4 0
github.com/gnames/gnmatcher/pkg/io/virusio/virusio.go:54.16,57.3 1 0
github.com/gnames/gnmatcher/pkg/io/virusio/virusio.go:62.51,67.2 4 0
github.com/gnames/gnmatcher/pkg/io/rest/match_service.go:17.46,23.2 1 0
github.com/gnames/gnmatcher/pkg/io/rest/match_service.go:26.37,28.2 1 0
github.com/gnames/gnmatcher/pkg/io/rest/match_service.go:31.40,33.2 1 0
github.com/gnames/gnmatcher/pkg/io/rest/match_service.go:36.66,38.2 1 0
github.com/gnames/gnmatcher/pkg/io/rest/match_service.go:41.73,43.2 1 0
github.com/gnames/gnmatcher/pkg/io/rest/rest.go:26.28,33.22 6 0
github.com/gnames/gnmatcher/pkg/io/rest/rest.go:33.22,35.3 1 0
github.com/gnames/gnmatcher/pkg/io/rest/rest.go:37.2,51.34 10 0
github.com/gnames/gnmatcher/pkg/io/rest/rest.go:54.33,66.2 1 0
github.com/gnames/gnmatcher/pkg/io/rest/rest.go:68.54,69.36 1 0
github.com/gnames/gnmatcher/pkg/io/rest/rest.go:69.36,72.3 2 0
github.com/gnames/gnmatcher/pkg/io/rest/rest.go:75.53,76.36 1 0
github.com/gnames/gnmatcher/pkg/io/rest/rest.go:76.36,79.3 2 0
github.com/gnames/gnmatcher/pkg/io/rest/rest.go:82.58,83.36 1 0
github.com/gnames/gnmatcher/pkg/io/rest/rest.go:83.36,88.47 5 0
github.com/gnames/gnmatcher/pkg/io/rest/rest.go:88.47,89.46 1 0
github.com/gnames/gnmatcher/pkg/io/rest/rest.go:89.46,91.5 1 0
github.com/gnames/gnmatcher/pkg/io/rest/rest.go:93.3,95.12 3 0
github.com/gnames/gnmatcher/pkg/io/rest/rest.go:95.12,97.4 1 0
github.com/gnames/gnmatcher/pkg/io/rest/rest.go:98.3,99.15 2 0
github.com/gnames/gnmatcher/pkg/io/rest/rest.go:99.15,101.4 1 0
github.com/gnames/gnmatcher/pkg/io/rest/rest.go:102.3,102.18 1 0
github.com/gnames/gnmatcher/pkg/io/rest/rest.go:102.18,104.4 1 0
github.com/gnames/gnmatcher/pkg/io/rest/rest.go:106.3,107.29 2 0
github.com/gnames/gnmatcher/pkg/io/rest/rest.go:107.29,113.4 1 0
github.com/gnames/gnmatcher/pkg/io/rest/rest.go:114.3,114.39 1 0
github.com/gnames/gnmatcher/pkg/io/rest/rest.go:118.59,119.36 1 0
github.com/gnames/gnmatcher/pkg/io/rest/rest.go:119.36,123.38 3 0
github.com/gnames/gnmatcher/pkg/io/rest/rest.go:123.38,125.4 1 0
github.com/gnames/gnmatcher/pkg/io/rest/rest.go:126.3,126.27 1 0
github.com/gnames/gnmatcher/pkg/io/rest/rest.go:126.27,128.4 1 0
github.com/gnames/gnmatcher/pkg/io/rest/rest.go:129.3,129.34 1 0
github.com/gnames/gnmatcher/pkg/io/rest/rest.go:129.34,131.4 1 0
github.com/gnames/gnmatcher/pkg/io/rest/rest.go:132.3,132.31 1 0
github.com/gnames/gnmatcher/pkg/io/rest/rest.go:132.31,134.4 1 0
github.com/gnames/gnmatcher/pkg/io/rest/rest.go:136.3,137.33 2 0
github.com/gnames/gnmatcher/pkg/io/rest/rest.go:137.33,143.4 1 0
github.com/gnames/gnmatcher/pkg/io/rest/rest.go:144.3,144.39 1 0
github.com/gnames/gnmatcher/pkg/io/rest/rest.go:148.56,155.19 6 0
github.com/gnames/gnmatcher/pkg/io/rest/rest.go:155.19,165.17 4 0
github.com/gnames/gnmatcher/pkg/io/rest/rest.go:165.17,169.4 2 0
github.com/gnames/gnmatcher/pkg/io/rest/rest.go:170.3,171.17 2 0
github.com/gnames/gnmatcher/pkg/io/rest/rest.go:171.17,173.4 1 0
github.com/gnames/gnmatcher/pkg/io/rest/rest.go:174.3,174.16 1 0
github.com/gnames/gnmatcher/pkg/io/rest/rest.go:175.8,175.21 1 0
github.com/gnames/gnmatcher/pkg/io/rest/rest.go:175.21,178.3 2 0
github.com/gnames/gnmatcher/pkg/io/rest/rest.go:179.2,179.12 1 0
