mode: atomic
github.com/gnames/gnmatcher/internal/ent/fuzzy/levenshtein.go:30.38,32.13 2 9
github.com/gnames/gnmatcher/internal/ent/fuzzy/levenshtein.go:32.13,34.3 1 1
github.com/gnames/gnmatcher/internal/ent/fuzzy/levenshtein.go:36.2,36.26 1 8
github.com/gnames/gnmatcher/internal/ent/fuzzy/levenshtein.go:36.26,38.3 1 0
github.com/gnames/gnmatcher/internal/ent/fuzzy/levenshtein.go:39.2,39.28 1 8
github.com/gnames/gnmatcher/internal/ent/fuzzy/levenshtein.go:42.41,45.32 3 8
github.com/gnames/gnmatcher/internal/ent/fuzzy/levenshtein.go:45.32,47.3 1 2
github.com/gnames/gnmatcher/internal/ent/fuzzy/levenshtein.go:48.2,48.27 1 6
github.com/gnames/gnmatcher/internal/ent/fuzzy/levenshtein.go:48.27,51.17 2 9
github.com/gnames/gnmatcher/internal/ent/fuzzy/levenshtein.go:51.17,53.48 2 2
github.com/gnames/gnmatcher/internal/ent/fuzzy/levenshtein.go:53.48,55.5 1 1
github.com/gnames/gnmatcher/internal/ent/fuzzy/levenshtein.go:58.2,58.11 1 5
github.com/gnames/gnmatcher/internal/ent/matcher/exact.go:9.55,11.23 2 0
github.com/gnames/gnmatcher/internal/ent/matcher/exact.go:11.23,13.3 1 0
github.com/gnames/gnmatcher/internal/ent/matcher/exact.go:14.2,16.28 3 0
github.com/gnames/gnmatcher/internal/ent/matcher/exact.go:16.28,18.31 2 0
github.com/gnames/gnmatcher/internal/ent/matcher/exact.go:18.31,21.4 2 0
github.com/gnames/gnmatcher/internal/ent/matcher/exact.go:21.9,24.26 2 0
github.com/gnames/gnmatcher/internal/ent/matcher/exact.go:24.26,25.13 1 0
github.com/gnames/gnmatcher/internal/ent/matcher/exact.go:27.4,28.28 2 0
github.com/gnames/gnmatcher/internal/ent/matcher/exact.go:30.3,30.37 1 0
github.com/gnames/gnmatcher/internal/ent/matcher/exact.go:33.2,34.26 2 0
github.com/gnames/gnmatcher/internal/ent/matcher/exact.go:34.26,36.3 1 0
github.com/gnames/gnmatcher/internal/ent/matcher/exact.go:38.2,43.3 1 0
github.com/gnames/gnmatcher/internal/ent/matcher/exact.go:47.56,50.26 3 0
github.com/gnames/gnmatcher/internal/ent/matcher/exact.go:50.26,52.3 1 0
github.com/gnames/gnmatcher/internal/ent/matcher/exact.go:53.2,53.28 1 0
github.com/gnames/gnmatcher/internal/ent/matcher/exact.go:53.28,55.3 1 0
github.com/gnames/gnmatcher/internal/ent/matcher/exact.go:56.2,61.3 1 0
github.com/gnames/gnmatcher/internal/ent/matcher/fuzzy.go:15.15,17.27 2 2
github.com/gnames/gnmatcher/internal/ent/matcher/fuzzy.go:17.27,19.3 1 0
github.com/gnames/gnmatcher/internal/ent/matcher/fuzzy.go:21.2,27.40 2 2
github.com/gnames/gnmatcher/internal/ent/matcher/fuzzy.go:27.40,30.29 2 2
github.com/gnames/gnmatcher/internal/ent/matcher/fuzzy.go:30.29,31.12 1 1
github.com/gnames/gnmatcher/internal/ent/matcher/fuzzy.go:33.3,34.40 2 1
github.com/gnames/gnmatcher/internal/ent/matcher/fuzzy.go:34.40,39.26 3 1
github.com/gnames/gnmatcher/internal/ent/matcher/fuzzy.go:39.26,40.13 1 0
github.com/gnames/gnmatcher/internal/ent/matcher/fuzzy.go:42.4,45.54 4 1
github.com/gnames/gnmatcher/internal/ent/matcher/fuzzy.go:49.2,50.30 2 2
github.com/gnames/gnmatcher/internal/ent/matcher/fuzzy.go:50.30,52.3 1 1
github.com/gnames/gnmatcher/internal/ent/matcher/fuzzy.go:54.2,54.12 1 1
github.com/gnames/gnmatcher/internal/ent/matcher/matcher.go:37.29,44.2 1 0
github.com/gnames/gnmatcher/internal/ent/matcher/matcher.go:46.25,49.12 3 0
github.com/gnames/gnmatcher/internal/ent/matcher/matcher.go:49.12,52.3 2 0
github.com/gnames/gnmatcher/internal/ent/matcher/matcher.go:53.2,53.12 1 0
github.com/gnames/gnmatcher/internal/ent/matcher/matcher.go:53.12,56.3 2 0
github.com/gnames/gnmatcher/internal/ent/matcher/matcher.go:57.2,57.12 1 0
github.com/gnames/gnmatcher/internal/ent/matcher/matcher.go:57.12,60.3 2 0
github.com/gnames/gnmatcher/internal/ent/matcher/matcher.go:61.2,61.11 1 0
github.com/gnames/gnmatcher/internal/ent/matcher/matcher.go:77.15,86.27 8 0
github.com/gnames/gnmatcher/internal/ent/matcher/matcher.go:86.27,88.3 1 0
github.com/gnames/gnmatcher/internal/ent/matcher/matcher.go:90.2,94.37 4 0
github.com/gnames/gnmatcher/internal/ent/matcher/matcher.go:94.37,96.3 1 0
github.com/gnames/gnmatcher/internal/ent/matcher/matcher.go:98.2,98.12 1 0
github.com/gnames/gnmatcher/internal/ent/matcher/matcher.go:98.12,100.24 2 0
github.com/gnames/gnmatcher/internal/ent/matcher/matcher.go:100.24,102.4 1 0
github.com/gnames/gnmatcher/internal/ent/matcher/matcher.go:105.2,109.29 4 0
github.com/gnames/gnmatcher/internal/ent/matcher/matcher.go:112.61,120.20 2 0
github.com/gnames/gnmatcher/internal/ent/matcher/matcher.go:120.20,121.36 1 0
github.com/gnames/gnmatcher/internal/ent/matcher/matcher.go:121.36,124.4 1 0
github.com/gnames/gnmatcher/internal/ent/matcher/matcher.go:126.2,127.12 2 0
github.com/gnames/gnmatcher/internal/ent/matcher/matcher.go:130.62,131.33 1 0
github.com/gnames/gnmatcher/internal/ent/matcher/matcher.go:131.33,134.36 3 0
github.com/gnames/gnmatcher/internal/ent/matcher/matcher.go:134.36,137.4 2 0
github.com/gnames/gnmatcher/internal/ent/matcher/matcher.go:139.3,140.13 2 0
github.com/gnames/gnmatcher/internal/ent/matcher/matcher.go:143.2,144.38 2 0
github.com/gnames/gnmatcher/internal/ent/matcher/matcher.go:144.38,145.40 1 0
github.com/gnames/gnmatcher/internal/ent/matcher/matcher.go:145.40,147.4 1 0
github.com/gnames/gnmatcher/internal/ent/matcher/matcher.go:149.2,150.12 2 0
github.com/gnames/gnmatcher/internal/ent/matcher/matcher.go:159.3,164.24 4 0
github.com/gnames/gnmatcher/internal/ent/matcher/matcher.go:164.24,169.29 4 0
github.com/gnames/gnmatcher/internal/ent/matcher/matcher.go:169.29,171.4 1 0
github.com/gnames/gnmatcher/internal/ent/matcher/matcher.go:173.3,173.18 1 0
github.com/gnames/gnmatcher/internal/ent/matcher/matcher.go:173.18,174.64 1 0
github.com/gnames/gnmatcher/internal/ent/matcher/matcher.go:174.64,176.13 2 0
github.com/gnames/gnmatcher/internal/ent/matcher/matcher.go:178.4,182.21 2 0
github.com/gnames/gnmatcher/internal/ent/matcher/matcher.go:182.21,185.27 3 0
github.com/gnames/gnmatcher/internal/ent/matcher/matcher.go:185.27,187.6 1 0
github.com/gnames/gnmatcher/internal/ent/matcher/matcher.go:187.11,187.33 1 0
github.com/gnames/gnmatcher/internal/ent/matcher/matcher.go:187.33,192.6 1 0
github.com/gnames/gnmatcher/internal/ent/matcher/matcher.go:195.4,195.26 1 0
github.com/gnames/gnmatcher/internal/ent/matcher/matcher.go:195.26,196.27 1 0
github.com/gnames/gnmatcher/internal/ent/matcher/matcher.go:196.27,198.6 1 0
github.com/gnames/gnmatcher/internal/ent/matcher/matcher.go:199.5,200.13 2 0
github.com/gnames/gnmatcher/internal/ent/matcher/matcher.go:202.9,202.24 1 0
github.com/gnames/gnmatcher/internal/ent/matcher/matcher.go:202.24,204.4 1 0
github.com/gnames/gnmatcher/internal/ent/matcher/matcher.go:205.3,205.25 1 0
github.com/gnames/gnmatcher/internal/ent/matcher/matcher.go:205.25,207.4 1 0
github.com/gnames/gnmatcher/internal/ent/matcher/matcher.go:208.3,208.25 1 0
github.com/gnames/gnmatcher/internal/ent/matcher/matcher.go:208.25,210.4 1 0
github.com/gnames/gnmatcher/internal/ent/matcher/matcher.go:211.3,211.59 1 0
github.com/gnames/gnmatcher/internal/ent/matcher/matcher.go:215.52,216.29 1 0
github.com/gnames/gnmatcher/internal/ent/matcher/matcher.go:216.29,219.3 2 0
github.com/gnames/gnmatcher/internal/ent/matcher/matcher.go:220.2,220.13 1 0
github.com/gnames/gnmatcher/internal/ent/matcher/matcher.go:223.56,224.38 1 0
github.com/gnames/gnmatcher/internal/ent/matcher/matcher.go:224.38,229.3 2 0
github.com/gnames/gnmatcher/internal/ent/matcher/matcher.go:230.2,230.14 1 0
github.com/gnames/gnmatcher/internal/ent/matcher/matcher.go:236.57,238.28 1 0
github.com/gnames/gnmatcher/internal/ent/matcher/matcher.go:238.28,240.3 1 0
github.com/gnames/gnmatcher/internal/ent/matcher/matcher.go:241.2,241.41 1 0
github.com/gnames/gnmatcher/internal/ent/matcher/matcher.go:241.41,242.40 1 0
github.com/gnames/gnmatcher/internal/ent/matcher/matcher.go:242.40,248.4 1 0
github.com/gnames/gnmatcher/internal/ent/matcher/matcher.go:250.2,250.12 1 0
github.com/gnames/gnmatcher/internal/ent/matcher/matcher.go:253.75,254.48 1 0
github.com/gnames/gnmatcher/internal/ent/matcher/matcher.go:254.48,256.3 1 0
github.com/gnames/gnmatcher/internal/ent/matcher/matcher.go:257.2,257.41 1 0
github.com/gnames/gnmatcher/internal/ent/matcher/matcher.go:257.41,260.3 2 0
github.com/gnames/gnmatcher/internal/ent/matcher/matcher.go:261.2,261.12 1 0
github.com/gnames/gnmatcher/internal/ent/matcher/matcher.go:264.45,270.2 1 0
github.com/gnames/gnmatcher/internal/ent/matcher/matcher.go:272.75,273.50 1 2
github.com/gnames/gnmatcher/internal/ent/matcher/matcher.go:273.50,275.3 1 2
github.com/gnames/gnmatcher/internal/ent/matcher/matcher.go:277.2,278.21 2 0
github.com/gnames/gnmatcher/internal/ent/matcher/matcher.go:278.21,280.30 2 0
github.com/gnames/gnmatcher/internal/ent/matcher/matcher.go:280.30,284.4 2 0
github.com/gnames/gnmatcher/internal/ent/matcher/matcher.go:286.2,286.12 1 0
github.com/gnames/gnmatcher/internal/ent/matcher/matcher.go:289.71,292.41 3 0
github.com/gnames/gnmatcher/internal/ent/matcher/matcher.go:292.41,293.42 1 0
github.com/gnames/gnmatcher/internal/ent/matcher/matcher.go:293.42,295.4 1 0
github.com/gnames/gnmatcher/internal/ent/matcher/matcher.go:297.2,297.12 1 0
github.com/gnames/gnmatcher/internal/ent/matcher/name_string.go:68.32,70.17 2 0
github.com/gnames/gnmatcher/internal/ent/matcher/name_string.go:70.17,82.3 3 0
github.com/gnames/gnmatcher/internal/ent/matcher/name_string.go:84.2,88.10 1 0
github.com/gnames/gnmatcher/internal/ent/matcher/name_string.go:91.75,92.24 1 0
github.com/gnames/gnmatcher/internal/ent/matcher/name_string.go:93.9,94.33 1 0
github.com/gnames/gnmatcher/internal/ent/matcher/name_string.go:95.9,96.32 1 0
github.com/gnames/gnmatcher/internal/ent/matcher/name_string.go:98.2,98.12 1 0
github.com/gnames/gnmatcher/internal/ent/matcher/name_string.go:101.74,103.21 2 0
github.com/gnames/gnmatcher/internal/ent/matcher/name_string.go:103.21,105.3 1 0
github.com/gnames/gnmatcher/internal/ent/matcher/name_string.go:106.2,109.13 4 0
github.com/gnames/gnmatcher/internal/ent/matcher/name_string.go:112.73,114.21 2 0
github.com/gnames/gnmatcher/internal/ent/matcher/name_string.go:114.21,116.3 1 0
github.com/gnames/gnmatcher/internal/ent/matcher/name_string.go:117.2,119.13 3 0
github.com/gnames/gnmatcher/internal/ent/matcher/name_string.go:122.52,123.14 1 0
github.com/gnames/gnmatcher/internal/ent/matcher/name_string.go:123.14,125.3 1 0
github.com/gnames/gnmatcher/internal/ent/matcher/name_string.go:126.2,129.30 4 0
github.com/gnames/gnmatcher/internal/ent/matcher/name_string.go:129.30,131.3 1 0
github.com/gnames/gnmatcher/internal/ent/matcher/name_string.go:134.54,135.26 1 0
github.com/gnames/gnmatcher/internal/ent/matcher/name_string.go:135.26,137.3 1 0
github.com/gnames/gnmatcher/internal/ent/matcher/name_string.go:138.2,144.20 4 0
github.com/gnames/gnmatcher/internal/ent/matcher/name_string.go:144.20,146.3 1 0
github.com/gnames/gnmatcher/internal/ent/matcher/name_string.go:148.2,149.41 2 0
github.com/gnames/gnmatcher/internal/ent/matcher/name_string.go:149.41,158.3 4 0
github.com/gnames/gnmatcher/internal/ent/matcher/partial.go:14.84,15.23 1 0
github.com/gnames/gnmatcher/internal/ent/matcher/partial.go:15.23,17.3 1 0
github.com/gnames/gnmatcher/internal/ent/matcher/partial.go:19.2,19.50 1 0
github.com/gnames/gnmatcher/internal/ent/matcher/partial.go:19.50,20.63 1 0
github.com/gnames/gnmatcher/internal/ent/matcher/partial.go:20.63,22.4 1 0
github.com/gnames/gnmatcher/internal/ent/matcher/partial.go:24.2,24.34 1 0
github.com/gnames/gnmatcher/internal/ent/matcher/partial.go:27.65,32.26 4 0
github.com/gnames/gnmatcher/internal/ent/matcher/partial.go:32.26,34.3 1 0
github.com/gnames/gnmatcher/internal/ent/matcher/partial.go:36.2,36.28 1 0
github.com/gnames/gnmatcher/internal/ent/matcher/partial.go:36.28,39.3 2 0
github.com/gnames/gnmatcher/internal/ent/matcher/partial.go:40.2,45.3 1 0
github.com/gnames/gnmatcher/internal/ent/matcher/partial.go:49.40,51.29 2 0
github.com/gnames/gnmatcher/internal/ent/matcher/partial.go:51.29,54.21 2 0
github.com/gnames/gnmatcher/internal/ent/matcher/partial.go:54.21,55.12 1 0
github.com/gnames/gnmatcher/internal/ent/matcher/partial.go:57.3,59.23 3 0
github.com/gnames/gnmatcher/internal/ent/matcher/partial.go:59.23,61.30 2 0
github.com/gnames/gnmatcher/internal/ent/matcher/partial.go:61.30,63.33 2 0
github.com/gnames/gnmatcher/internal/ent/matcher/partial.go:63.33,66.6 2 0
github.com/gnames/gnmatcher/internal/ent/matcher/partial.go:66.11,68.28 2 0
github.com/gnames/gnmatcher/internal/ent/matcher/partial.go:68.28,69.15 1 0
github.com/gnames/gnmatcher/internal/ent/matcher/partial.go:71.6,72.37 2 0
github.com/gnames/gnmatcher/internal/ent/matcher/partial.go:74.5,74.39 1 0
github.com/gnames/gnmatcher/internal/ent/matcher/partial.go:77.4,78.28 2 0
github.com/gnames/gnmatcher/internal/ent/matcher/partial.go:78.28,80.5 1 0
github.com/gnames/gnmatcher/internal/ent/matcher/partial.go:82.4,87.5 1 0
github.com/gnames/gnmatcher/internal/ent/matcher/partial.go:92.2,92.29 1 0
github.com/gnames/gnmatcher/internal/ent/matcher/partial.go:92.29,94.54 2 0
github.com/gnames/gnmatcher/internal/ent/matcher/partial.go:94.54,97.32 2 0
github.com/gnames/gnmatcher/internal/ent/matcher/partial.go:97.32,99.5 1 0
github.com/gnames/gnmatcher/internal/ent/matcher/partial.go:101.4,102.14 2 0
github.com/gnames/gnmatcher/internal/ent/matcher/partial.go:106.2,106.12 1 0
github.com/gnames/gnmatcher/pkg/config/config.go:83.36,85.2 1 1
github.com/gnames/gnmatcher/pkg/config/config.go:89.39,91.2 1 1
github.com/gnames/gnmatcher/pkg/config/config.go:95.37,97.2 1 1
github.com/gnames/gnmatcher/pkg/config/config.go:100.37,102.2 1 0
github.com/gnames/gnmatcher/pkg/config/config.go:108.35,109.27 1 1
github.com/gnames/gnmatcher/pkg/config/config.go:109.27,111.17 2 1
github.com/gnames/gnmatcher/pkg/config/config.go:111.17,113.4 1 0
github.com/gnames/gnmatcher/pkg/config/config.go:114.3,114.26 1 1
github.com/gnames/gnmatcher/pkg/config/config.go:119.40,120.27 1 0
github.com/gnames/gnmatcher/pkg/config/config.go:120.27,122.3 1 0
github.com/gnames/gnmatcher/pkg/config/config.go:126.31,127.27 1 1
github.com/gnames/gnmatcher/pkg/config/config.go:127.27,129.3 1 1
github.com/gnames/gnmatcher/pkg/config/config.go:134.35,135.27 1 5
github.com/gnames/gnmatcher/pkg/config/config.go:135.27,136.21 1 5
github.com/gnames/gnmatcher/pkg/config/config.go:136.21,142.4 1 2
github.com/gnames/gnmatcher/pkg/config/config.go:142.9,144.4 1 3
github.com/gnames/gnmatcher/pkg/config/config.go:149.33,150.27 1 1
github.com/gnames/gnmatcher/pkg/config/config.go:150.27,152.3 1 1
github.com/gnames/gnmatcher/pkg/config/config.go:156.33,157.27 1 1
github.com/gnames/gnmatcher/pkg/config/config.go:157.27,159.3 1 1
github.com/gnames/gnmatcher/pkg/config/config.go:163.33,164.27 1 1
github.com/gnames/gnmatcher/pkg/config/config.go:164.27,166.3 1 1
github.com/gnames/gnmatcher/pkg/config/config.go:170.30,171.27 1 1
github.com/gnames/gnmatcher/pkg/config/config.go:171.27,173.3 1 1
github.com/gnames/gnmatcher/pkg/config/config.go:177.31,178.27 1 1
github.com/gnames/gnmatcher/pkg/config/config.go:178.27,180.3 1 1
github.com/gnames/gnmatcher/pkg/config/config.go:184.41,185.27 1 0
github.com/gnames/gnmatcher/pkg/config/config.go:185.27,187.3 1 0
github.com/gnames/gnmatcher/pkg/config/config.go:191.45,192.27 1 0
github.com/gnames/gnmatcher/pkg/config/config.go:192.27,194.3 1 0
github.com/gnames/gnmatcher/pkg/config/config.go:199.42,200.27 1 0
github.com/gnames/gnmatcher/pkg/config/config.go:200.27,203.3 2 0
github.com/gnames/gnmatcher/pkg/config/config.go:207.41,208.27 1 0
github.com/gnames/gnmatcher/pkg/config/config.go:208.27,210.3 1 0
github.com/gnames/gnmatcher/pkg/config/config.go:214.36,215.27 1 0
github.com/gnames/gnmatcher/pkg/config/config.go:215.27,217.3 1 0
github.com/gnames/gnmatcher/pkg/config/config.go:222.33,224.16 2 7
github.com/gnames/gnmatcher/pkg/config/config.go:224.16,227.3 2 0
github.com/gnames/gnmatcher/pkg/config/config.go:227.8,229.3 1 7
github.com/gnames/gnmatcher/pkg/config/config.go:230.2,242.27 2 7
github.com/gnames/gnmatcher/pkg/config/config.go:242.27,244.3 1 12
github.com/gnames/gnmatcher/pkg/config/config.go:245.2,245.12 1 7
github.com/gnames/gnmatcher/pkg/gnmatcher.go:26.13,31.2 4 1
github.com/gnames/gnmatcher/pkg/gnmatcher.go:33.84,35.2 1 0
github.com/gnames/gnmatcher/pkg/gnmatcher.go:37.50,39.2 1 1
github.com/gnames/gnmatcher/pkg/gnmatcher.go:41.48,43.2 1 0
github.com/gnames/gnmatcher/pkg/io/rest/match_service.go:17.46,23.2 1 0
github.com/gnames/gnmatcher/pkg/io/rest/match_service.go:26.37,28.2 1 0
github.com/gnames/gnmatcher/pkg/io/rest/match_service.go:31.40,33.2 1 0
github.com/gnames/gnmatcher/pkg/io/rest/match_service.go:36.66,38.2 1 0
github.com/gnames/gnmatcher/pkg/io/rest/match_service.go:41.73,43.2 1 0
github.com/gnames/gnmatcher/pkg/io/rest/rest.go:26.28,33.22 6 0
github.com/gnames/gnmatcher/pkg/io/rest/rest.go:33.22,35.3 1 0
github.com/gnames/gnmatcher/pkg/io/rest/rest.go:37.2,49.34 8 0
github.com/gnames/gnmatcher/pkg/io/rest/rest.go:52.33,56.2 1 0
github.com/gnames/gnmatcher/pkg/io/rest/rest.go:58.54,59.36 1 0
github.com/gnames/gnmatcher/pkg/io/rest/rest.go:59.36,62.3 2 0
github.com/gnames/gnmatcher/pkg/io/rest/rest.go:65.53,66.36 1 0
github.com/gnames/gnmatcher/pkg/io/rest/rest.go:66.36,69.3 2 0
github.com/gnames/gnmatcher/pkg/io/rest/rest.go:72.58,74.36 2 0
github.com/gnames/gnmatcher/pkg/io/rest/rest.go:74.36,79.47 5 0
github.com/gnames/gnmatcher/pkg/io/rest/rest.go:79.47,80.46 1 0
github.com/gnames/gnmatcher/pkg/io/rest/rest.go:80.46,82.5 1 0
github.com/gnames/gnmatcher/pkg/io/rest/rest.go:84.3,86.12 3 0
github.com/gnames/gnmatcher/pkg/io/rest/rest.go:86.12,88.4 1 0
github.com/gnames/gnmatcher/pkg/io/rest/rest.go:89.3,89.18 1 0
github.com/gnames/gnmatcher/pkg/io/rest/rest.go:89.18,91.4 1 0
github.com/gnames/gnmatcher/pkg/io/rest/rest.go:93.3,94.29 2 0
github.com/gnames/gnmatcher/pkg/io/rest/rest.go:94.29,100.4 1 0
github.com/gnames/gnmatcher/pkg/io/rest/rest.go:101.3,101.39 1 0
github.com/gnames/gnmatcher/pkg/io/rest/rest.go:105.59,106.36 1 0
github.com/gnames/gnmatcher/pkg/io/rest/rest.go:106.36,110.38 3 0
github.com/gnames/gnmatcher/pkg/io/rest/rest.go:110.38,112.4 1 0
github.com/gnames/gnmatcher/pkg/io/rest/rest.go:113.3,113.27 1 0
github.com/gnames/gnmatcher/pkg/io/rest/rest.go:113.27,115.4 1 0
github.com/gnames/gnmatcher/pkg/io/rest/rest.go:116.3,116.31 1 0
github.com/gnames/gnmatcher/pkg/io/rest/rest.go:116.31,118.4 1 0
github.com/gnames/gnmatcher/pkg/io/rest/rest.go:120.3,121.33 2 0
github.com/gnames/gnmatcher/pkg/io/rest/rest.go:121.33,127.4 1 0
github.com/gnames/gnmatcher/pkg/io/rest/rest.go:128.3,128.39 1 0
github.com/gnames/gnmatcher/pkg/io/rest/rest.go:132.56,139.19 6 0
github.com/gnames/gnmatcher/pkg/io/rest/rest.go:139.19,149.17 4 0
github.com/gnames/gnmatcher/pkg/io/rest/rest.go:149.17,153.4 2 0
github.com/gnames/gnmatcher/pkg/io/rest/rest.go:154.3,155.17 2 0
github.com/gnames/gnmatcher/pkg/io/rest/rest.go:155.17,157.4 1 0
github.com/gnames/gnmatcher/pkg/io/rest/rest.go:158.3,158.16 1 0
github.com/gnames/gnmatcher/pkg/io/rest/rest.go:159.8,159.21 1 0
github.com/gnames/gnmatcher/pkg/io/rest/rest.go:159.21,162.3 2 0
github.com/gnames/gnmatcher/pkg/io/rest/rest.go:163.2,163.12 1 0
